[2025/05/01 06:55:02] Executing command: feeder -d 3
2025-05-01 06:55:02.0753  Starting
2025-05-01 06:55:02.0754  7.21.0
WARNING: MYSQL_OPT_RECONNECT is deprecated and will be removed in a future version.
have apps for CPU: yes
have apps for NVIDIA GPU: no
have apps for AMD/ATI GPU: no
have apps for Intel GPU: no
have apps for Miner ASIC: no
2025-05-01 06:55:02.0895  read 13 platforms, 1 apps, 1 app_versions, 0 assignments
2025-05-01 06:55:02.0896  Using 100 job slots
2025-05-01 06:55:07.1069  adding result [RESULT#1] in slot 0
2025-05-01 06:55:07.1075  adding result [RESULT#2] in slot 1
[2025/05/01 06:55:14] Executing command: feeder -d 3
2025-05-01 06:55:14.0460  Starting
2025-05-01 06:55:14.0461  7.21.0
WARNING: MYSQL_OPT_RECONNECT is deprecated and will be removed in a future version.
have apps for CPU: yes
have apps for NVIDIA GPU: no
have apps for AMD/ATI GPU: no
have apps for Intel GPU: no
have apps for Miner ASIC: no
2025-05-01 06:55:14.0583  read 13 platforms, 1 apps, 1 app_versions, 0 assignments
2025-05-01 06:55:14.0584  Using 100 job slots
2025-05-01 06:55:14.0588  adding result [RESULT#1] in slot 0
2025-05-01 06:55:14.0589  adding result [RESULT#2] in slot 1
2025-05-01 07:08:51.9231  adding result [RESULT#3] in slot 2
2025-05-01 07:08:51.9249  adding result [RESULT#4] in slot 3
2025-05-01 07:08:54.9275  adding result [RESULT#3] in slot 2
2025-05-01 07:08:54.9277  adding result [RESULT#4] in slot 3
2025-05-01 07:08:54.9279  adding result [RESULT#5] in slot 4
2025-05-01 07:08:54.9280  adding result [RESULT#6] in slot 5
2025-05-01 07:08:56.9309  adding result [RESULT#5] in slot 4
2025-05-01 07:08:56.9310  adding result [RESULT#6] in slot 5
2025-05-01 07:08:56.9311  adding result [RESULT#7] in slot 6
2025-05-01 07:08:56.9311  adding result [RESULT#8] in slot 7
2025-05-01 07:08:56.9312  adding result [RESULT#9] in slot 8
2025-05-01 07:08:56.9312  adding result [RESULT#10] in slot 9
2025-05-01 07:08:56.9313  adding result [RESULT#11] in slot 10
2025-05-01 07:08:56.9314  adding result [RESULT#12] in slot 11
2025-05-01 07:08:56.9314  adding result [RESULT#13] in slot 12
2025-05-01 07:08:56.9315  adding result [RESULT#14] in slot 13
2025-05-01 07:08:56.9315  adding result [RESULT#15] in slot 14
2025-05-01 07:08:56.9316  adding result [RESULT#16] in slot 15
2025-05-01 07:08:56.9317  adding result [RESULT#17] in slot 16
2025-05-01 07:08:56.9317  adding result [RESULT#18] in slot 17
2025-05-01 07:08:56.9318  adding result [RESULT#19] in slot 18
2025-05-01 07:08:56.9319  adding result [RESULT#20] in slot 19
2025-05-01 07:08:56.9319  adding result [RESULT#21] in slot 20
2025-05-01 07:08:56.9320  adding result [RESULT#22] in slot 21
2025-05-01 07:08:56.9321  adding result [RESULT#23] in slot 22
2025-05-01 07:08:56.9321  adding result [RESULT#24] in slot 23
2025-05-01 07:08:56.9322  adding result [RESULT#25] in slot 24
2025-05-01 07:08:56.9322  adding result [RESULT#26] in slot 25
2025-05-01 07:08:59.9436  adding result [RESULT#7] in slot 6
2025-05-01 07:08:59.9439  adding result [RESULT#8] in slot 7
2025-05-01 07:08:59.9442  adding result [RESULT#9] in slot 8
2025-05-01 07:08:59.9445  adding result [RESULT#10] in slot 9
2025-05-01 07:08:59.9448  adding result [RESULT#11] in slot 10
2025-05-01 07:08:59.9451  adding result [RESULT#12] in slot 11
2025-05-01 07:08:59.9453  adding result [RESULT#13] in slot 12
2025-05-01 07:08:59.9456  adding result [RESULT#14] in slot 13
2025-05-01 07:08:59.9458  adding result [RESULT#15] in slot 14
2025-05-01 07:08:59.9461  adding result [RESULT#16] in slot 15
2025-05-01 07:08:59.9464  adding result [RESULT#17] in slot 16
2025-05-01 07:08:59.9466  adding result [RESULT#18] in slot 17
2025-05-01 07:08:59.9468  adding result [RESULT#19] in slot 18
2025-05-01 07:08:59.9471  adding result [RESULT#20] in slot 19
2025-05-01 07:08:59.9473  adding result [RESULT#21] in slot 20
2025-05-01 07:08:59.9475  adding result [RESULT#22] in slot 21
2025-05-01 07:08:59.9477  adding result [RESULT#23] in slot 22
2025-05-01 07:08:59.9479  adding result [RESULT#24] in slot 23
2025-05-01 07:08:59.9481  adding result [RESULT#25] in slot 24
2025-05-01 07:08:59.9485  adding result [RESULT#26] in slot 25
2025-05-01 07:08:59.9487  adding result [RESULT#27] in slot 26
2025-05-01 07:08:59.9489  adding result [RESULT#28] in slot 27
2025-05-01 07:08:59.9491  adding result [RESULT#29] in slot 28
2025-05-01 07:08:59.9493  adding result [RESULT#30] in slot 29
2025-05-01 07:08:59.9495  adding result [RESULT#31] in slot 30
2025-05-01 07:08:59.9497  adding result [RESULT#32] in slot 31
2025-05-01 07:08:59.9499  adding result [RESULT#33] in slot 32
2025-05-01 07:08:59.9501  adding result [RESULT#34] in slot 33
2025-05-01 07:08:59.9503  adding result [RESULT#35] in slot 34
2025-05-01 07:08:59.9506  adding result [RESULT#36] in slot 35
2025-05-01 07:08:59.9508  adding result [RESULT#37] in slot 36
2025-05-01 07:08:59.9510  adding result [RESULT#38] in slot 37
2025-05-01 07:08:59.9511  adding result [RESULT#39] in slot 38
2025-05-01 07:08:59.9512  adding result [RESULT#40] in slot 39
2025-05-01 07:08:59.9513  adding result [RESULT#41] in slot 40
2025-05-01 07:08:59.9513  adding result [RESULT#42] in slot 41
2025-05-01 07:08:59.9514  adding result [RESULT#43] in slot 42
2025-05-01 07:08:59.9515  adding result [RESULT#44] in slot 43
2025-05-01 07:08:59.9516  adding result [RESULT#45] in slot 44
2025-05-01 07:08:59.9517  adding result [RESULT#46] in slot 45
2025-05-01 07:08:59.9518  adding result [RESULT#47] in slot 46
2025-05-01 07:08:59.9518  adding result [RESULT#48] in slot 47
2025-05-01 07:09:01.9517  adding result [RESULT#27] in slot 26
2025-05-01 07:09:01.9522  adding result [RESULT#28] in slot 27
2025-05-01 07:09:01.9526  adding result [RESULT#29] in slot 28
2025-05-01 07:09:01.9528  adding result [RESULT#30] in slot 29
2025-05-01 07:09:01.9530  adding result [RESULT#31] in slot 30
2025-05-01 07:09:01.9533  adding result [RESULT#32] in slot 31
2025-05-01 07:09:01.9535  adding result [RESULT#33] in slot 32
2025-05-01 07:09:01.9538  adding result [RESULT#34] in slot 33
2025-05-01 07:09:01.9540  adding result [RESULT#35] in slot 34
2025-05-01 07:09:01.9542  adding result [RESULT#36] in slot 35
2025-05-01 07:09:01.9545  adding result [RESULT#37] in slot 36
2025-05-01 07:09:01.9547  adding result [RESULT#38] in slot 37
2025-05-01 07:09:01.9549  adding result [RESULT#39] in slot 38
2025-05-01 07:09:01.9551  adding result [RESULT#40] in slot 39
2025-05-01 07:09:01.9553  adding result [RESULT#41] in slot 40
2025-05-01 07:09:01.9555  adding result [RESULT#42] in slot 41
2025-05-01 07:09:01.9557  adding result [RESULT#43] in slot 42
2025-05-01 07:09:01.9559  adding result [RESULT#44] in slot 43
2025-05-01 07:09:01.9562  adding result [RESULT#45] in slot 44
2025-05-01 07:09:01.9564  adding result [RESULT#46] in slot 45
2025-05-01 07:09:01.9566  adding result [RESULT#47] in slot 46
2025-05-01 07:09:01.9568  adding result [RESULT#48] in slot 47
2025-05-01 07:09:01.9570  adding result [RESULT#49] in slot 48
2025-05-01 07:09:01.9572  adding result [RESULT#50] in slot 49
2025-05-01 07:09:01.9574  adding result [RESULT#51] in slot 50
2025-05-01 07:09:01.9575  adding result [RESULT#52] in slot 51
2025-05-01 07:09:01.9576  adding result [RESULT#53] in slot 52
2025-05-01 07:09:01.9577  adding result [RESULT#54] in slot 53
2025-05-01 07:09:01.9578  adding result [RESULT#55] in slot 54
2025-05-01 07:09:01.9579  adding result [RESULT#56] in slot 55
2025-05-01 07:09:01.9579  adding result [RESULT#57] in slot 56
2025-05-01 07:09:01.9580  adding result [RESULT#58] in slot 57
2025-05-01 07:09:01.9581  adding result [RESULT#59] in slot 58
2025-05-01 07:09:01.9582  adding result [RESULT#60] in slot 59
2025-05-01 07:09:01.9583  adding result [RESULT#61] in slot 60
2025-05-01 07:09:01.9583  adding result [RESULT#62] in slot 61
2025-05-01 07:09:01.9584  adding result [RESULT#63] in slot 62
2025-05-01 07:09:01.9585  adding result [RESULT#64] in slot 63
2025-05-01 07:09:01.9586  adding result [RESULT#65] in slot 64
2025-05-01 07:09:01.9587  adding result [RESULT#66] in slot 65
2025-05-01 07:09:01.9588  adding result [RESULT#67] in slot 66
2025-05-01 07:09:01.9589  adding result [RESULT#68] in slot 67
2025-05-01 07:09:04.9620  adding result [RESULT#49] in slot 48
2025-05-01 07:09:04.9627  adding result [RESULT#50] in slot 49
2025-05-01 07:09:04.9633  adding result [RESULT#51] in slot 50
2025-05-01 07:09:04.9640  adding result [RESULT#52] in slot 51
2025-05-01 07:09:04.9643  adding result [RESULT#53] in slot 52
2025-05-01 07:09:04.9646  adding result [RESULT#54] in slot 53
2025-05-01 07:09:04.9649  adding result [RESULT#55] in slot 54
2025-05-01 07:09:04.9651  adding result [RESULT#56] in slot 55
2025-05-01 07:09:04.9654  adding result [RESULT#57] in slot 56
2025-05-01 07:09:04.9657  adding result [RESULT#58] in slot 57
2025-05-01 07:09:04.9660  adding result [RESULT#59] in slot 58
2025-05-01 07:09:04.9662  adding result [RESULT#60] in slot 59
2025-05-01 07:09:04.9665  adding result [RESULT#61] in slot 60
2025-05-01 07:09:04.9668  adding result [RESULT#62] in slot 61
2025-05-01 07:09:04.9670  adding result [RESULT#63] in slot 62
2025-05-01 07:09:04.9674  adding result [RESULT#64] in slot 63
2025-05-01 07:09:04.9676  adding result [RESULT#65] in slot 64
2025-05-01 07:09:04.9678  adding result [RESULT#66] in slot 65
2025-05-01 07:09:04.9680  adding result [RESULT#67] in slot 66
2025-05-01 07:09:04.9683  adding result [RESULT#68] in slot 67
