[2025/05/03 06:18:00] Executing command: feeder -d 3
2025-05-03 06:18:00.8962  Starting
2025-05-03 06:18:00.8985  7.15.0
have apps for CPU: yes
have apps for NVIDIA GPU: no
have apps for AMD/ATI GPU: no
have apps for Intel GPU: no
have apps for Miner ASIC: no
2025-05-03 06:18:00.9265  read 13 platforms, 1 apps, 3 app_versions, 0 assignments
2025-05-03 06:18:00.9265  Using 100 job slots
2025-05-03 06:21:31.6508  Found trigger file reread_db; re-scanning database tables.
have apps for CPU: yes
have apps for NVIDIA GPU: no
have apps for AMD/ATI GPU: no
have apps for Intel GPU: no
have apps for Miner ASIC: no
2025-05-03 06:21:31.6572  Done re-scanning: trigger file removed.
2025-05-03 06:25:12.3022  Found trigger file reread_db; re-scanning database tables.
have apps for CPU: yes
have apps for NVIDIA GPU: no
have apps for AMD/ATI GPU: no
have apps for Intel GPU: no
have apps for Miner ASIC: no
2025-05-03 06:25:12.3198  Done re-scanning: trigger file removed.
2025-05-03 06:27:07.7074  adding result [RESULT#1] in slot 0
2025-05-03 06:27:07.7077  adding result [RESULT#2] in slot 1
2025-05-03 06:27:07.7077  adding result [RESULT#3] in slot 2
2025-05-03 06:27:07.7077  adding result [RESULT#4] in slot 3
2025-05-03 06:27:07.7078  adding result [RESULT#5] in slot 4
2025-05-03 06:27:07.7078  adding result [RESULT#6] in slot 5
2025-05-03 06:27:07.7079  adding result [RESULT#7] in slot 6
2025-05-03 06:27:07.7079  adding result [RESULT#8] in slot 7
2025-05-03 06:27:07.7079  adding result [RESULT#9] in slot 8
2025-05-03 06:27:07.7080  adding result [RESULT#10] in slot 9
2025-05-03 06:27:07.7080  adding result [RESULT#11] in slot 10
2025-05-03 06:27:07.7080  adding result [RESULT#12] in slot 11
2025-05-03 06:27:07.7080  adding result [RESULT#13] in slot 12
2025-05-03 06:27:07.7081  adding result [RESULT#14] in slot 13
2025-05-03 06:27:07.7081  adding result [RESULT#15] in slot 14
2025-05-03 06:27:07.7081  adding result [RESULT#16] in slot 15
2025-05-03 06:27:07.7081  adding result [RESULT#17] in slot 16
2025-05-03 06:27:07.7082  adding result [RESULT#18] in slot 17
2025-05-03 06:27:07.7082  adding result [RESULT#19] in slot 18
2025-05-03 06:27:07.7082  adding result [RESULT#20] in slot 19
2025-05-03 06:27:07.7082  adding result [RESULT#21] in slot 20
2025-05-03 06:27:07.7083  adding result [RESULT#22] in slot 21
2025-05-03 06:27:07.7083  adding result [RESULT#23] in slot 22
2025-05-03 06:27:07.7083  adding result [RESULT#24] in slot 23
2025-05-03 06:27:07.7083  adding result [RESULT#25] in slot 24
2025-05-03 06:27:07.7084  adding result [RESULT#26] in slot 25
2025-05-03 06:27:07.7084  adding result [RESULT#27] in slot 26
2025-05-03 06:27:07.7084  adding result [RESULT#28] in slot 27
2025-05-03 06:27:07.7084  adding result [RESULT#29] in slot 28
2025-05-03 06:27:07.7085  adding result [RESULT#30] in slot 29
2025-05-03 06:27:07.7085  adding result [RESULT#31] in slot 30
2025-05-03 06:27:07.7085  adding result [RESULT#32] in slot 31
2025-05-03 06:27:07.7086  adding result [RESULT#33] in slot 32
2025-05-03 06:27:07.7086  adding result [RESULT#34] in slot 33
2025-05-03 06:27:12.7322  adding result [RESULT#35] in slot 34
2025-05-03 06:27:12.7323  adding result [RESULT#36] in slot 35
2025-05-03 06:27:12.7323  adding result [RESULT#37] in slot 36
2025-05-03 06:27:12.7324  adding result [RESULT#38] in slot 37
2025-05-03 06:27:12.7324  adding result [RESULT#39] in slot 38
2025-05-03 06:27:12.7325  adding result [RESULT#40] in slot 39
2025-05-03 06:27:12.7325  adding result [RESULT#41] in slot 40
2025-05-03 06:27:12.7325  adding result [RESULT#42] in slot 41
2025-05-03 06:27:12.7325  adding result [RESULT#43] in slot 42
2025-05-03 06:27:12.7326  adding result [RESULT#44] in slot 43
2025-05-03 06:27:12.7326  adding result [RESULT#45] in slot 44
2025-05-03 06:27:12.7326  adding result [RESULT#46] in slot 45
2025-05-03 06:27:12.7326  adding result [RESULT#47] in slot 46
2025-05-03 06:27:12.7327  adding result [RESULT#48] in slot 47
2025-05-03 06:27:12.7327  adding result [RESULT#49] in slot 48
2025-05-03 06:27:12.7328  adding result [RESULT#50] in slot 49
2025-05-03 06:27:12.7328  adding result [RESULT#51] in slot 50
2025-05-03 06:27:12.7329  adding result [RESULT#52] in slot 51
2025-05-03 06:27:12.7329  adding result [RESULT#53] in slot 52
2025-05-03 06:27:12.7329  adding result [RESULT#54] in slot 53
2025-05-03 06:27:12.7329  adding result [RESULT#55] in slot 54
2025-05-03 06:27:12.7330  adding result [RESULT#56] in slot 55
2025-05-03 06:27:12.7330  adding result [RESULT#57] in slot 56
2025-05-03 06:27:12.7330  adding result [RESULT#58] in slot 57
2025-05-03 06:27:12.7330  adding result [RESULT#59] in slot 58
2025-05-03 06:27:12.7330  adding result [RESULT#60] in slot 59
2025-05-03 06:27:12.7331  adding result [RESULT#61] in slot 60
2025-05-03 06:27:12.7331  adding result [RESULT#62] in slot 61
2025-05-03 06:27:12.7331  adding result [RESULT#63] in slot 62
2025-05-03 06:27:12.7331  adding result [RESULT#64] in slot 63
2025-05-03 06:27:12.7332  adding result [RESULT#65] in slot 64
2025-05-03 06:27:12.7332  adding result [RESULT#66] in slot 65
2025-05-03 06:27:12.7332  adding result [RESULT#67] in slot 66
2025-05-03 06:27:12.7332  adding result [RESULT#68] in slot 67
2025-05-03 06:27:12.7332  adding result [RESULT#69] in slot 68
2025-05-03 06:27:12.7333  adding result [RESULT#70] in slot 69
2025-05-03 06:27:12.7333  adding result [RESULT#71] in slot 70
2025-05-03 06:27:12.7333  adding result [RESULT#72] in slot 71
2025-05-03 06:27:12.7333  adding result [RESULT#73] in slot 72
2025-05-03 06:27:12.7334  adding result [RESULT#74] in slot 73
2025-05-03 06:27:12.7334  adding result [RESULT#75] in slot 74
2025-05-03 06:27:12.7334  adding result [RESULT#76] in slot 75
2025-05-03 06:27:12.7334  adding result [RESULT#77] in slot 76
2025-05-03 06:27:12.7335  adding result [RESULT#78] in slot 77
2025-05-03 06:27:12.7335  adding result [RESULT#79] in slot 78
2025-05-03 06:27:12.7335  adding result [RESULT#80] in slot 79
2025-05-03 06:27:12.7335  adding result [RESULT#81] in slot 80
2025-05-03 06:27:12.7335  adding result [RESULT#82] in slot 81
2025-05-03 06:27:12.7336  adding result [RESULT#83] in slot 82
2025-05-03 06:27:12.7336  adding result [RESULT#84] in slot 83
2025-05-03 06:27:12.7337  adding result [RESULT#85] in slot 84
2025-05-03 06:27:12.7337  adding result [RESULT#86] in slot 85
2025-05-03 06:27:12.7337  adding result [RESULT#87] in slot 86
2025-05-03 06:27:12.7337  adding result [RESULT#88] in slot 87
2025-05-03 06:27:12.7338  adding result [RESULT#89] in slot 88
2025-05-03 06:27:12.7338  adding result [RESULT#90] in slot 89
2025-05-03 06:27:12.7338  adding result [RESULT#91] in slot 90
2025-05-03 06:27:12.7339  adding result [RESULT#92] in slot 91
2025-05-03 06:27:12.7339  adding result [RESULT#93] in slot 92
2025-05-03 06:27:12.7339  adding result [RESULT#94] in slot 93
2025-05-03 06:27:12.7339  adding result [RESULT#95] in slot 94
2025-05-03 06:27:12.7339  adding result [RESULT#96] in slot 95
2025-05-03 06:27:12.7340  adding result [RESULT#97] in slot 96
2025-05-03 06:27:12.7340  adding result [RESULT#98] in slot 97
2025-05-03 06:27:12.7340  adding result [RESULT#99] in slot 98
2025-05-03 06:27:12.7340  adding result [RESULT#100] in slot 99
2025-05-03 06:27:22.7741  adding result [RESULT#101] in slot 18
2025-05-03 06:27:32.8047  adding result [RESULT#102] in slot 48
2025-05-03 06:27:32.8051  adding result [RESULT#103] in slot 49
2025-05-03 06:27:32.8051  adding result [RESULT#104] in slot 50
2025-05-03 06:27:32.8052  restarted enumeration for appid 1
2025-05-03 06:31:38.8477  Found trigger file reread_db; re-scanning database tables.
have apps for CPU: yes
have apps for NVIDIA GPU: no
have apps for AMD/ATI GPU: no
have apps for Intel GPU: no
have apps for Miner ASIC: no
2025-05-03 06:31:38.8584  Done re-scanning: trigger file removed.
2025-05-03 06:31:38.8586  adding result [RESULT#1] in slot 0
2025-05-03 06:31:38.8586  adding result [RESULT#2] in slot 1
2025-05-03 06:31:38.8586  adding result [RESULT#3] in slot 2
2025-05-03 06:31:38.8587  adding result [RESULT#4] in slot 3
2025-05-03 06:31:38.8587  adding result [RESULT#5] in slot 4
2025-05-03 06:31:38.8587  adding result [RESULT#6] in slot 5
2025-05-03 06:31:38.8587  adding result [RESULT#7] in slot 6
2025-05-03 06:31:38.8587  adding result [RESULT#8] in slot 7
2025-05-03 06:31:38.8587  adding result [RESULT#9] in slot 8
2025-05-03 06:31:38.8587  adding result [RESULT#10] in slot 9
2025-05-03 06:31:38.8587  adding result [RESULT#11] in slot 10
2025-05-03 06:31:38.8587  adding result [RESULT#12] in slot 11
2025-05-03 06:31:38.8587  adding result [RESULT#32] in slot 12
2025-05-03 06:31:38.8588  adding result [RESULT#33] in slot 13
2025-05-03 06:31:38.8588  adding result [RESULT#34] in slot 14
2025-05-03 06:31:38.8588  adding result [RESULT#35] in slot 15
2025-05-03 06:31:38.8588  adding result [RESULT#36] in slot 16
2025-05-03 06:31:38.8588  adding result [RESULT#37] in slot 17
2025-05-03 06:31:38.8588  adding result [RESULT#38] in slot 18
2025-05-03 06:31:38.8588  adding result [RESULT#39] in slot 19
2025-05-03 06:31:38.8588  adding result [RESULT#40] in slot 20
2025-05-03 06:31:38.8588  adding result [RESULT#41] in slot 21
2025-05-03 06:31:38.8588  adding result [RESULT#42] in slot 22
2025-05-03 06:31:38.8588  adding result [RESULT#43] in slot 23
2025-05-03 06:31:38.8588  adding result [RESULT#44] in slot 24
2025-05-03 06:31:38.8589  adding result [RESULT#45] in slot 25
2025-05-03 06:31:38.8589  adding result [RESULT#46] in slot 26
2025-05-03 06:31:38.8589  adding result [RESULT#47] in slot 27
2025-05-03 06:31:38.8589  adding result [RESULT#48] in slot 28
2025-05-03 06:31:38.8589  adding result [RESULT#68] in slot 29
2025-05-03 06:31:38.8589  adding result [RESULT#69] in slot 30
2025-05-03 06:31:38.8589  adding result [RESULT#70] in slot 31
2025-05-03 06:31:38.8589  adding result [RESULT#71] in slot 32
2025-05-03 06:31:38.8589  adding result [RESULT#72] in slot 33
2025-05-03 06:31:38.8589  adding result [RESULT#73] in slot 34
2025-05-03 06:31:38.8589  adding result [RESULT#74] in slot 35
2025-05-03 06:31:38.8589  adding result [RESULT#75] in slot 36
2025-05-03 06:31:38.8590  adding result [RESULT#76] in slot 37
2025-05-03 06:31:38.8590  adding result [RESULT#77] in slot 38
2025-05-03 06:31:38.8590  adding result [RESULT#78] in slot 39
2025-05-03 06:31:38.8590  adding result [RESULT#79] in slot 40
2025-05-03 06:31:38.8590  adding result [RESULT#80] in slot 41
2025-05-03 06:31:38.8590  adding result [RESULT#81] in slot 42
2025-05-03 06:31:38.8590  adding result [RESULT#82] in slot 43
2025-05-03 06:31:38.8590  adding result [RESULT#83] in slot 44
2025-05-03 06:31:38.8590  adding result [RESULT#84] in slot 45
2025-05-03 06:31:38.8590  adding result [RESULT#85] in slot 46
2025-05-03 06:31:38.8590  adding result [RESULT#86] in slot 47
2025-05-03 06:31:38.8590  adding result [RESULT#87] in slot 48
2025-05-03 06:31:38.8591  adding result [RESULT#88] in slot 49
2025-05-03 06:31:38.8591  adding result [RESULT#89] in slot 50
2025-05-03 06:31:38.8591  adding result [RESULT#90] in slot 51
2025-05-03 06:31:38.8591  adding result [RESULT#91] in slot 52
2025-05-03 06:31:38.8591  adding result [RESULT#92] in slot 53
2025-05-03 06:31:38.8591  adding result [RESULT#93] in slot 54
2025-05-03 06:31:38.8591  adding result [RESULT#94] in slot 55
2025-05-03 06:31:38.8591  adding result [RESULT#95] in slot 56
2025-05-03 06:31:38.8591  adding result [RESULT#96] in slot 57
2025-05-03 06:31:38.8591  adding result [RESULT#97] in slot 58
2025-05-03 06:31:38.8591  adding result [RESULT#98] in slot 59
2025-05-03 06:31:38.8591  adding result [RESULT#99] in slot 60
2025-05-03 06:31:38.8592  adding result [RESULT#100] in slot 61
2025-05-03 06:31:38.8592  adding result [RESULT#102] in slot 62
2025-05-03 06:31:38.8592  adding result [RESULT#103] in slot 63
2025-05-03 06:31:38.8592  adding result [RESULT#104] in slot 64
2025-05-03 06:43:46.6856  adding result [RESULT#105] in slot 0
2025-05-03 06:43:46.6858  adding result [RESULT#106] in slot 1
2025-05-03 06:43:46.6858  adding result [RESULT#107] in slot 2
2025-05-03 06:43:46.6858  adding result [RESULT#108] in slot 3
2025-05-03 06:43:46.6859  adding result [RESULT#109] in slot 4
2025-05-03 06:43:46.6859  adding result [RESULT#110] in slot 5
2025-05-03 06:43:46.6860  adding result [RESULT#111] in slot 6
2025-05-03 06:43:46.6861  adding result [RESULT#112] in slot 7
2025-05-03 06:43:46.6861  adding result [RESULT#113] in slot 8
2025-05-03 06:43:46.6861  adding result [RESULT#114] in slot 9
2025-05-03 06:43:46.6861  adding result [RESULT#115] in slot 10
2025-05-03 06:43:46.6861  adding result [RESULT#116] in slot 11
2025-05-03 06:43:46.6862  adding result [RESULT#117] in slot 12
2025-05-03 06:43:46.6862  adding result [RESULT#118] in slot 13
2025-05-03 06:43:46.6862  adding result [RESULT#119] in slot 14
2025-05-03 06:43:46.6863  adding result [RESULT#120] in slot 15
2025-05-03 06:43:46.6863  adding result [RESULT#121] in slot 16
2025-05-03 06:43:46.6863  adding result [RESULT#122] in slot 17
2025-05-03 06:43:46.6863  adding result [RESULT#123] in slot 18
2025-05-03 06:43:46.6864  adding result [RESULT#124] in slot 19
2025-05-03 06:43:46.6864  adding result [RESULT#125] in slot 20
2025-05-03 06:43:46.6864  adding result [RESULT#126] in slot 21
2025-05-03 06:43:46.6865  adding result [RESULT#127] in slot 22
2025-05-03 06:43:46.6865  adding result [RESULT#128] in slot 23
2025-05-03 06:43:46.6865  adding result [RESULT#129] in slot 24
2025-05-03 06:43:46.6865  adding result [RESULT#130] in slot 25
2025-05-03 06:43:46.6866  adding result [RESULT#131] in slot 26
2025-05-03 06:43:46.6866  adding result [RESULT#132] in slot 27
2025-05-03 06:43:46.6867  adding result [RESULT#133] in slot 28
2025-05-03 06:43:46.6867  adding result [RESULT#134] in slot 29
2025-05-03 06:43:46.6867  adding result [RESULT#135] in slot 30
2025-05-03 06:43:46.6867  adding result [RESULT#136] in slot 31
2025-05-03 06:43:46.6868  adding result [RESULT#137] in slot 32
2025-05-03 06:43:46.6868  adding result [RESULT#138] in slot 33
2025-05-03 06:43:46.6868  adding result [RESULT#139] in slot 34
2025-05-03 06:43:46.6869  adding result [RESULT#140] in slot 35
2025-05-03 06:43:46.6869  adding result [RESULT#141] in slot 36
2025-05-03 06:43:46.6869  adding result [RESULT#142] in slot 37
2025-05-03 06:43:46.6869  adding result [RESULT#143] in slot 38
2025-05-03 06:43:46.6870  adding result [RESULT#144] in slot 39
2025-05-03 06:43:46.6870  adding result [RESULT#145] in slot 40
2025-05-03 06:43:46.6871  adding result [RESULT#146] in slot 41
2025-05-03 06:43:46.6871  adding result [RESULT#147] in slot 42
2025-05-03 06:43:46.6871  adding result [RESULT#148] in slot 43
2025-05-03 06:43:46.6871  adding result [RESULT#149] in slot 44
2025-05-03 06:43:46.6872  adding result [RESULT#150] in slot 45
2025-05-03 06:43:46.6872  adding result [RESULT#151] in slot 46
2025-05-03 06:43:46.6872  adding result [RESULT#152] in slot 47
2025-05-03 06:43:46.6872  adding result [RESULT#153] in slot 48
2025-05-03 06:43:46.6873  adding result [RESULT#154] in slot 49
2025-05-03 06:43:46.6873  adding result [RESULT#155] in slot 50
2025-05-03 06:43:46.6873  adding result [RESULT#156] in slot 51
2025-05-03 06:43:46.6873  adding result [RESULT#157] in slot 52
2025-05-03 06:43:46.6874  adding result [RESULT#158] in slot 53
2025-05-03 06:43:46.6874  adding result [RESULT#159] in slot 54
2025-05-03 06:43:46.6874  adding result [RESULT#160] in slot 55
2025-05-03 06:43:46.6875  adding result [RESULT#161] in slot 56
2025-05-03 06:43:46.6875  adding result [RESULT#162] in slot 57
2025-05-03 06:43:46.6875  adding result [RESULT#163] in slot 58
2025-05-03 06:43:46.6875  adding result [RESULT#164] in slot 59
2025-05-03 06:43:46.6876  adding result [RESULT#165] in slot 60
2025-05-03 06:43:46.6876  adding result [RESULT#166] in slot 61
2025-05-03 06:43:46.6876  adding result [RESULT#167] in slot 62
2025-05-03 06:43:46.6877  adding result [RESULT#168] in slot 63
2025-05-03 06:43:46.6877  adding result [RESULT#169] in slot 64
2025-05-03 06:43:46.6877  adding result [RESULT#170] in slot 65
2025-05-03 06:43:46.6877  adding result [RESULT#171] in slot 66
2025-05-03 06:43:46.6878  adding result [RESULT#172] in slot 67
2025-05-03 06:43:46.6878  adding result [RESULT#173] in slot 68
2025-05-03 06:43:46.6879  adding result [RESULT#174] in slot 69
2025-05-03 06:43:46.6879  adding result [RESULT#175] in slot 70
2025-05-03 06:43:46.6879  adding result [RESULT#176] in slot 71
2025-05-03 06:43:46.6880  adding result [RESULT#177] in slot 72
2025-05-03 06:43:46.6880  adding result [RESULT#178] in slot 73
2025-05-03 06:43:46.6881  adding result [RESULT#179] in slot 74
2025-05-03 06:43:46.6881  adding result [RESULT#180] in slot 75
2025-05-03 06:43:46.6881  adding result [RESULT#181] in slot 76
2025-05-03 06:43:46.6882  adding result [RESULT#182] in slot 77
2025-05-03 06:43:46.6882  adding result [RESULT#183] in slot 78
2025-05-03 06:43:46.6882  adding result [RESULT#184] in slot 79
2025-05-03 06:43:46.6883  adding result [RESULT#185] in slot 80
2025-05-03 06:43:46.6883  adding result [RESULT#186] in slot 81
2025-05-03 06:43:46.6884  adding result [RESULT#187] in slot 82
2025-05-03 06:43:46.6884  adding result [RESULT#188] in slot 83
2025-05-03 06:43:46.6884  adding result [RESULT#189] in slot 84
2025-05-03 06:43:46.6884  adding result [RESULT#190] in slot 85
2025-05-03 06:43:46.6885  adding result [RESULT#191] in slot 86
2025-05-03 06:43:46.6885  adding result [RESULT#192] in slot 87
2025-05-03 06:43:46.6885  adding result [RESULT#193] in slot 88
2025-05-03 06:43:46.6885  adding result [RESULT#194] in slot 89
2025-05-03 06:43:46.6886  adding result [RESULT#195] in slot 90
2025-05-03 06:43:46.6886  adding result [RESULT#196] in slot 91
2025-05-03 06:43:46.6886  adding result [RESULT#197] in slot 92
2025-05-03 06:43:46.6886  adding result [RESULT#198] in slot 93
2025-05-03 06:43:46.6886  adding result [RESULT#199] in slot 94
2025-05-03 06:43:46.6887  adding result [RESULT#200] in slot 95
2025-05-03 06:43:46.6887  adding result [RESULT#201] in slot 96
2025-05-03 06:43:46.6887  adding result [RESULT#202] in slot 97
2025-05-03 06:43:46.6888  adding result [RESULT#203] in slot 98
2025-05-03 06:43:46.6888  adding result [RESULT#204] in slot 99
2025-05-03 06:44:26.8504  adding result [RESULT#205] in slot 88
2025-05-03 06:44:41.9075  adding result [RESULT#206] in slot 23
2025-05-03 06:44:41.9079  adding result [RESULT#207] in slot 24
2025-05-03 06:44:41.9079  adding result [RESULT#208] in slot 25
2025-05-03 06:44:41.9080  adding result [RESULT#209] in slot 26
2025-05-03 06:44:41.9080  adding result [RESULT#210] in slot 27
2025-05-03 06:44:41.9080  adding result [RESULT#211] in slot 28
2025-05-03 06:44:41.9081  adding result [RESULT#212] in slot 29
2025-05-03 06:44:41.9081  adding result [RESULT#213] in slot 30
2025-05-03 06:44:41.9081  adding result [RESULT#214] in slot 31
2025-05-03 06:44:41.9082  adding result [RESULT#215] in slot 32
2025-05-03 06:44:41.9082  adding result [RESULT#216] in slot 33
2025-05-03 06:44:41.9082  adding result [RESULT#217] in slot 34
2025-05-03 06:44:41.9083  adding result [RESULT#218] in slot 35
2025-05-03 06:44:41.9083  adding result [RESULT#219] in slot 36
2025-05-03 06:44:41.9083  adding result [RESULT#220] in slot 37
2025-05-03 06:44:41.9084  adding result [RESULT#221] in slot 38
2025-05-03 06:44:41.9084  adding result [RESULT#222] in slot 39
2025-05-03 06:44:41.9084  adding result [RESULT#223] in slot 40
2025-05-03 06:44:41.9085  adding result [RESULT#224] in slot 41
2025-05-03 06:44:51.9403  adding result [RESULT#225] in slot 11
2025-05-03 06:44:51.9407  adding result [RESULT#226] in slot 12
2025-05-03 06:44:51.9408  adding result [RESULT#227] in slot 13
2025-05-03 06:44:51.9409  adding result [RESULT#228] in slot 14
2025-05-03 06:44:51.9416  adding result [RESULT#229] in slot 15
2025-05-03 06:44:51.9417  adding result [RESULT#230] in slot 16
2025-05-03 06:44:51.9418  adding result [RESULT#231] in slot 17
2025-05-03 06:44:51.9420  adding result [RESULT#232] in slot 18
2025-05-03 06:44:51.9421  restarted enumeration for appid 1
2025-05-03 06:44:51.9488  adding result [RESULT#233] in slot 19
2025-05-03 06:44:51.9489  adding result [RESULT#234] in slot 20
2025-05-03 06:44:51.9489  adding result [RESULT#235] in slot 21
2025-05-03 06:44:51.9489  adding result [RESULT#236] in slot 22
2025-05-03 06:44:51.9489  adding result [RESULT#237] in slot 23
2025-05-03 06:44:51.9490  adding result [RESULT#238] in slot 24
2025-05-03 06:44:51.9490  adding result [RESULT#239] in slot 25
2025-05-03 06:44:51.9490  adding result [RESULT#240] in slot 26
2025-05-03 06:44:51.9491  adding result [RESULT#241] in slot 27
2025-05-03 06:44:51.9491  adding result [RESULT#242] in slot 28
2025-05-03 06:44:51.9491  adding result [RESULT#243] in slot 29
2025-05-03 06:45:42.1197  adding result [RESULT#244] in slot 69
2025-05-03 06:45:52.1683  adding result [RESULT#245] in slot 61
2025-05-03 06:45:52.1686  adding result [RESULT#246] in slot 62
2025-05-03 06:45:52.1687  adding result [RESULT#247] in slot 63
2025-05-03 06:45:52.1687  adding result [RESULT#248] in slot 64
2025-05-03 06:45:52.1688  adding result [RESULT#249] in slot 65
2025-05-03 06:45:52.1688  adding result [RESULT#250] in slot 66
2025-05-03 06:45:52.1689  adding result [RESULT#251] in slot 67
2025-05-03 06:45:52.1690  adding result [RESULT#252] in slot 68
2025-05-03 06:45:52.1691  adding result [RESULT#253] in slot 69
2025-05-03 06:45:52.1691  adding result [RESULT#254] in slot 70
2025-05-03 06:45:52.1692  adding result [RESULT#255] in slot 71
2025-05-03 06:45:52.1692  adding result [RESULT#256] in slot 72
2025-05-03 06:45:52.1693  adding result [RESULT#257] in slot 73
2025-05-03 06:45:52.1693  adding result [RESULT#258] in slot 74
2025-05-03 06:45:52.1694  adding result [RESULT#259] in slot 75
2025-05-03 06:45:52.1694  adding result [RESULT#260] in slot 76
2025-05-03 06:45:52.1695  adding result [RESULT#261] in slot 77
2025-05-03 06:45:52.1695  adding result [RESULT#262] in slot 78
2025-05-03 06:45:52.1696  adding result [RESULT#263] in slot 79
2025-05-03 06:46:02.2195  adding result [RESULT#264] in slot 37
2025-05-03 06:46:02.2198  adding result [RESULT#265] in slot 38
2025-05-03 06:46:02.2199  adding result [RESULT#266] in slot 39
2025-05-03 06:46:02.2199  adding result [RESULT#267] in slot 40
2025-05-03 06:46:02.2199  adding result [RESULT#268] in slot 41
2025-05-03 06:46:02.2200  adding result [RESULT#269] in slot 42
2025-05-03 06:46:02.2200  adding result [RESULT#270] in slot 43
2025-05-03 06:46:02.2200  adding result [RESULT#271] in slot 44
2025-05-03 06:46:02.2201  adding result [RESULT#272] in slot 45
2025-05-03 06:46:02.2201  adding result [RESULT#273] in slot 46
2025-05-03 06:46:02.2201  adding result [RESULT#274] in slot 47
2025-05-03 06:46:02.2202  adding result [RESULT#275] in slot 48
2025-05-03 06:46:02.2202  adding result [RESULT#276] in slot 49
2025-05-03 06:46:02.2203  adding result [RESULT#277] in slot 50
2025-05-03 06:46:02.2203  adding result [RESULT#278] in slot 51
2025-05-03 06:46:02.2203  adding result [RESULT#279] in slot 52
2025-05-03 06:46:02.2203  adding result [RESULT#280] in slot 53
2025-05-03 06:46:02.2204  adding result [RESULT#281] in slot 54
2025-05-03 06:46:02.2204  adding result [RESULT#282] in slot 55
2025-05-03 06:48:57.9058  Found trigger file reread_db; re-scanning database tables.
have apps for CPU: yes
have apps for NVIDIA GPU: no
have apps for AMD/ATI GPU: no
have apps for Intel GPU: no
have apps for Miner ASIC: no
2025-05-03 06:48:57.9225  Done re-scanning: trigger file removed.
2025-05-03 06:48:57.9226  adding result [RESULT#283] in slot 0
2025-05-03 06:48:57.9227  adding result [RESULT#284] in slot 1
2025-05-03 06:48:57.9227  adding result [RESULT#285] in slot 2
2025-05-03 06:48:57.9227  adding result [RESULT#286] in slot 3
2025-05-03 06:48:57.9227  adding result [RESULT#287] in slot 4
2025-05-03 06:48:57.9227  adding result [RESULT#288] in slot 5
2025-05-03 06:48:57.9227  adding result [RESULT#289] in slot 6
2025-05-03 06:48:57.9227  adding result [RESULT#290] in slot 7
2025-05-03 06:48:57.9228  adding result [RESULT#291] in slot 8
2025-05-03 06:48:57.9228  adding result [RESULT#292] in slot 9
2025-05-03 06:48:57.9228  adding result [RESULT#293] in slot 10
2025-05-03 06:48:57.9228  adding result [RESULT#294] in slot 11
2025-05-03 06:48:57.9228  adding result [RESULT#295] in slot 12
2025-05-03 06:48:57.9228  adding result [RESULT#296] in slot 13
2025-05-03 06:48:57.9228  adding result [RESULT#297] in slot 14
2025-05-03 06:48:57.9229  adding result [RESULT#298] in slot 15
2025-05-03 06:48:57.9229  adding result [RESULT#299] in slot 16
2025-05-03 06:48:57.9229  adding result [RESULT#300] in slot 17
2025-05-03 06:48:57.9229  adding result [RESULT#301] in slot 18
2025-05-03 06:48:57.9230  restarted enumeration for appid 1
2025-05-03 06:48:57.9252  adding result [RESULT#105] in slot 19
2025-05-03 06:48:57.9252  adding result [RESULT#106] in slot 20
2025-05-03 06:48:57.9252  adding result [RESULT#107] in slot 21
2025-05-03 06:48:57.9253  adding result [RESULT#108] in slot 22
2025-05-03 06:48:57.9253  adding result [RESULT#109] in slot 23
2025-05-03 06:48:57.9253  adding result [RESULT#110] in slot 24
2025-05-03 06:48:57.9253  adding result [RESULT#111] in slot 25
2025-05-03 06:48:57.9253  adding result [RESULT#112] in slot 26
2025-05-03 06:48:57.9253  adding result [RESULT#113] in slot 27
2025-05-03 06:48:57.9253  adding result [RESULT#114] in slot 28
2025-05-03 06:48:57.9253  adding result [RESULT#115] in slot 29
2025-05-03 06:48:57.9254  adding result [RESULT#161] in slot 30
2025-05-03 06:48:57.9254  adding result [RESULT#162] in slot 31
2025-05-03 06:48:57.9254  adding result [RESULT#163] in slot 32
2025-05-03 06:48:57.9254  adding result [RESULT#164] in slot 33
2025-05-03 06:48:57.9254  adding result [RESULT#165] in slot 34
2025-05-03 06:48:57.9254  adding result [RESULT#185] in slot 35
2025-05-03 06:48:57.9254  adding result [RESULT#186] in slot 36
2025-05-03 06:48:57.9255  adding result [RESULT#187] in slot 37
2025-05-03 06:48:57.9255  adding result [RESULT#188] in slot 38
2025-05-03 06:48:57.9255  adding result [RESULT#189] in slot 39
2025-05-03 06:48:57.9255  adding result [RESULT#190] in slot 40
2025-05-03 06:48:57.9255  adding result [RESULT#191] in slot 41
2025-05-03 06:48:57.9255  adding result [RESULT#192] in slot 42
2025-05-03 06:48:57.9255  adding result [RESULT#194] in slot 43
2025-05-03 06:48:57.9255  adding result [RESULT#195] in slot 44
2025-05-03 06:48:57.9256  adding result [RESULT#196] in slot 45
2025-05-03 06:48:57.9256  adding result [RESULT#197] in slot 46
2025-05-03 06:48:57.9256  adding result [RESULT#198] in slot 47
2025-05-03 06:48:57.9256  adding result [RESULT#199] in slot 48
2025-05-03 06:48:57.9256  adding result [RESULT#200] in slot 49
2025-05-03 06:48:57.9257  adding result [RESULT#201] in slot 50
2025-05-03 06:48:57.9257  adding result [RESULT#202] in slot 51
2025-05-03 06:48:57.9257  adding result [RESULT#203] in slot 52
2025-05-03 06:48:57.9257  adding result [RESULT#204] in slot 53
2025-05-03 06:48:57.9257  adding result [RESULT#205] in slot 54
2025-05-03 06:48:57.9257  adding result [RESULT#213] in slot 55
2025-05-03 06:48:57.9258  adding result [RESULT#214] in slot 56
2025-05-03 06:48:57.9258  adding result [RESULT#215] in slot 57
2025-05-03 06:48:57.9258  adding result [RESULT#216] in slot 58
2025-05-03 06:48:57.9258  adding result [RESULT#217] in slot 59
2025-05-03 06:48:57.9258  adding result [RESULT#218] in slot 60
2025-05-03 06:48:57.9258  adding result [RESULT#219] in slot 61
2025-05-03 06:48:57.9258  adding result [RESULT#225] in slot 62
2025-05-03 06:48:57.9258  adding result [RESULT#226] in slot 63
2025-05-03 06:48:57.9259  adding result [RESULT#227] in slot 64
2025-05-03 06:48:57.9259  adding result [RESULT#228] in slot 65
2025-05-03 06:48:57.9259  adding result [RESULT#229] in slot 66
2025-05-03 06:48:57.9259  adding result [RESULT#230] in slot 67
2025-05-03 06:48:57.9259  adding result [RESULT#231] in slot 68
2025-05-03 06:48:57.9259  adding result [RESULT#232] in slot 69
2025-05-03 06:48:57.9259  adding result [RESULT#233] in slot 70
2025-05-03 06:48:57.9260  adding result [RESULT#234] in slot 71
2025-05-03 06:48:57.9260  adding result [RESULT#235] in slot 72
2025-05-03 06:48:57.9260  adding result [RESULT#236] in slot 73
2025-05-03 06:48:57.9260  adding result [RESULT#237] in slot 74
2025-05-03 06:48:57.9260  adding result [RESULT#238] in slot 75
2025-05-03 06:48:57.9260  adding result [RESULT#239] in slot 76
2025-05-03 06:48:57.9260  adding result [RESULT#240] in slot 77
2025-05-03 06:48:57.9260  adding result [RESULT#241] in slot 78
2025-05-03 06:48:57.9261  adding result [RESULT#242] in slot 79
2025-05-03 06:48:57.9261  adding result [RESULT#243] in slot 80
2025-05-03 06:48:57.9261  adding result [RESULT#245] in slot 81
2025-05-03 06:48:57.9261  adding result [RESULT#246] in slot 82
2025-05-03 06:48:57.9261  adding result [RESULT#247] in slot 83
2025-05-03 06:48:57.9261  adding result [RESULT#248] in slot 84
2025-05-03 06:48:57.9261  adding result [RESULT#249] in slot 85
2025-05-03 06:48:57.9261  adding result [RESULT#250] in slot 86
2025-05-03 06:48:57.9262  adding result [RESULT#251] in slot 87
2025-05-03 06:48:57.9262  adding result [RESULT#252] in slot 88
2025-05-03 06:48:57.9262  adding result [RESULT#253] in slot 89
2025-05-03 06:48:57.9262  adding result [RESULT#254] in slot 90
2025-05-03 06:48:57.9262  adding result [RESULT#255] in slot 91
2025-05-03 06:48:57.9262  adding result [RESULT#256] in slot 92
2025-05-03 06:48:57.9262  adding result [RESULT#257] in slot 93
2025-05-03 06:48:57.9262  adding result [RESULT#258] in slot 94
2025-05-03 06:48:57.9263  adding result [RESULT#259] in slot 95
2025-05-03 06:48:57.9263  adding result [RESULT#260] in slot 96
2025-05-03 06:48:57.9263  adding result [RESULT#261] in slot 97
2025-05-03 06:48:57.9263  adding result [RESULT#262] in slot 98
2025-05-03 06:48:57.9263  adding result [RESULT#263] in slot 99
2025-05-03 06:49:18.0106  adding result [RESULT#264] in slot 37
2025-05-03 06:49:28.0486  adding result [RESULT#265] in slot 42
2025-05-03 06:49:28.0487  adding result [RESULT#266] in slot 43
2025-05-03 06:49:28.0487  adding result [RESULT#267] in slot 44
2025-05-03 06:49:28.0487  adding result [RESULT#268] in slot 45
2025-05-03 06:49:28.0487  adding result [RESULT#269] in slot 46
2025-05-03 06:49:28.0487  adding result [RESULT#270] in slot 47
2025-05-03 06:49:28.0487  adding result [RESULT#271] in slot 48
2025-05-03 06:49:28.0487  adding result [RESULT#272] in slot 49
2025-05-03 06:49:28.0488  adding result [RESULT#273] in slot 50
2025-05-03 06:49:28.0488  adding result [RESULT#274] in slot 51
2025-05-03 06:49:28.0488  adding result [RESULT#275] in slot 52
2025-05-03 06:49:28.0488  adding result [RESULT#276] in slot 53
2025-05-03 06:49:28.0488  adding result [RESULT#277] in slot 54
2025-05-03 06:49:28.0488  adding result [RESULT#278] in slot 55
2025-05-03 06:49:28.0488  adding result [RESULT#279] in slot 56
2025-05-03 06:49:28.0488  adding result [RESULT#280] in slot 57
2025-05-03 06:49:28.0488  adding result [RESULT#281] in slot 58
2025-05-03 06:49:28.0488  adding result [RESULT#282] in slot 59
2025-05-03 06:49:28.0489  adding result [RESULT#302] in slot 60
2025-05-03 06:49:43.0896  adding result [RESULT#303] in slot 36
2025-05-03 06:49:43.0897  adding result [RESULT#304] in slot 37
2025-05-03 06:49:43.0897  adding result [RESULT#305] in slot 38
2025-05-03 06:49:43.0898  adding result [RESULT#306] in slot 39
2025-05-03 06:49:43.0898  adding result [RESULT#307] in slot 40
2025-05-03 06:49:43.0898  adding result [RESULT#308] in slot 41
2025-05-03 06:49:43.0898  adding result [RESULT#309] in slot 42
2025-05-03 06:49:43.0898  adding result [RESULT#310] in slot 43
2025-05-03 06:49:43.0899  adding result [RESULT#311] in slot 44
2025-05-03 06:49:43.0899  adding result [RESULT#312] in slot 45
2025-05-03 06:49:43.0899  adding result [RESULT#313] in slot 46
2025-05-03 06:49:43.0899  adding result [RESULT#314] in slot 47
2025-05-03 06:49:43.0899  adding result [RESULT#315] in slot 48
2025-05-03 06:49:43.0899  adding result [RESULT#316] in slot 49
2025-05-03 06:49:43.0900  adding result [RESULT#317] in slot 50
2025-05-03 06:49:43.0900  adding result [RESULT#318] in slot 51
2025-05-03 06:49:43.0900  adding result [RESULT#319] in slot 52
2025-05-03 06:49:43.0900  adding result [RESULT#320] in slot 53
2025-05-03 06:49:43.0900  adding result [RESULT#321] in slot 54
2025-05-03 06:54:24.1279  adding result [RESULT#322] in slot 35
2025-05-03 06:54:24.1283  adding result [RESULT#323] in slot 36
2025-05-03 06:54:24.1284  adding result [RESULT#324] in slot 37
2025-05-03 06:54:24.1285  adding result [RESULT#325] in slot 38
2025-05-03 06:54:24.1286  adding result [RESULT#326] in slot 39
2025-05-03 06:54:24.1286  adding result [RESULT#327] in slot 40
2025-05-03 06:54:24.1287  adding result [RESULT#328] in slot 41
2025-05-03 06:54:24.1288  adding result [RESULT#329] in slot 42
2025-05-03 06:54:24.1288  adding result [RESULT#330] in slot 43
2025-05-03 06:54:24.1289  adding result [RESULT#331] in slot 44
2025-05-03 06:54:24.1289  adding result [RESULT#332] in slot 45
2025-05-03 06:54:24.1290  adding result [RESULT#333] in slot 46
2025-05-03 06:54:24.1292  adding result [RESULT#334] in slot 47
2025-05-03 06:54:24.1294  adding result [RESULT#335] in slot 48
2025-05-03 06:54:24.1294  adding result [RESULT#336] in slot 49
2025-05-03 06:54:24.1295  adding result [RESULT#337] in slot 50
2025-05-03 06:54:24.1295  adding result [RESULT#338] in slot 51
2025-05-03 06:54:24.1296  adding result [RESULT#339] in slot 52
2025-05-03 06:54:24.1296  adding result [RESULT#340] in slot 53
2025-05-03 06:54:24.1298  restarted enumeration for appid 1
2025-05-03 06:54:24.1366  adding result [RESULT#341] in slot 54
2025-05-03 07:14:48.3487  Found trigger file reread_db; re-scanning database tables.
have apps for CPU: yes
have apps for NVIDIA GPU: no
have apps for AMD/ATI GPU: no
have apps for Intel GPU: no
have apps for Miner ASIC: no
2025-05-03 07:14:48.3742  Done re-scanning: trigger file removed.
2025-05-03 07:14:48.3743  adding result [RESULT#342] in slot 0
2025-05-03 07:14:48.3743  adding result [RESULT#343] in slot 1
2025-05-03 07:14:48.3743  adding result [RESULT#344] in slot 2
2025-05-03 07:14:48.3744  adding result [RESULT#345] in slot 3
2025-05-03 07:14:48.3744  adding result [RESULT#346] in slot 4
2025-05-03 07:14:48.3744  adding result [RESULT#347] in slot 5
2025-05-03 07:14:48.3744  adding result [RESULT#348] in slot 6
2025-05-03 07:14:48.3744  adding result [RESULT#349] in slot 7
2025-05-03 07:14:48.3744  adding result [RESULT#350] in slot 8
2025-05-03 07:14:48.3745  adding result [RESULT#351] in slot 9
2025-05-03 07:14:48.3745  adding result [RESULT#352] in slot 10
2025-05-03 07:14:48.3745  adding result [RESULT#353] in slot 11
2025-05-03 07:14:48.3745  adding result [RESULT#354] in slot 12
2025-05-03 07:14:48.3745  adding result [RESULT#355] in slot 13
2025-05-03 07:14:48.3745  adding result [RESULT#356] in slot 14
2025-05-03 07:14:48.3745  adding result [RESULT#357] in slot 15
2025-05-03 07:14:48.3745  adding result [RESULT#358] in slot 16
2025-05-03 07:14:48.3746  adding result [RESULT#359] in slot 17
2025-05-03 07:14:48.3746  adding result [RESULT#360] in slot 18
2025-05-03 07:14:48.3746  adding result [RESULT#361] in slot 19
2025-05-03 07:14:48.3746  adding result [RESULT#362] in slot 20
2025-05-03 07:14:48.3746  adding result [RESULT#363] in slot 21
2025-05-03 07:14:48.3746  adding result [RESULT#364] in slot 22
2025-05-03 07:14:48.3746  adding result [RESULT#365] in slot 23
2025-05-03 07:14:48.3747  adding result [RESULT#366] in slot 24
2025-05-03 07:14:48.3747  adding result [RESULT#367] in slot 25
2025-05-03 07:14:48.3747  adding result [RESULT#368] in slot 26
2025-05-03 07:14:48.3747  adding result [RESULT#369] in slot 27
2025-05-03 07:14:48.3747  adding result [RESULT#370] in slot 28
2025-05-03 07:14:48.3747  adding result [RESULT#371] in slot 29
2025-05-03 07:14:48.3747  adding result [RESULT#372] in slot 30
2025-05-03 07:14:48.3747  adding result [RESULT#373] in slot 31
2025-05-03 07:14:48.3748  adding result [RESULT#374] in slot 32
2025-05-03 07:14:48.3748  adding result [RESULT#375] in slot 33
2025-05-03 07:14:48.3748  adding result [RESULT#376] in slot 34
2025-05-03 07:14:48.3748  adding result [RESULT#377] in slot 35
2025-05-03 07:14:48.3748  adding result [RESULT#378] in slot 36
2025-05-03 07:14:48.3748  adding result [RESULT#379] in slot 37
2025-05-03 07:14:48.3749  restarted enumeration for appid 1
2025-05-03 07:14:48.3772  adding result [RESULT#105] in slot 38
2025-05-03 07:14:48.3772  adding result [RESULT#106] in slot 39
2025-05-03 07:14:48.3773  adding result [RESULT#107] in slot 40
2025-05-03 07:14:48.3774  adding result [RESULT#108] in slot 41
2025-05-03 07:14:48.3774  adding result [RESULT#109] in slot 42
2025-05-03 07:14:48.3774  adding result [RESULT#110] in slot 43
2025-05-03 07:14:48.3774  adding result [RESULT#111] in slot 44
2025-05-03 07:14:48.3774  adding result [RESULT#112] in slot 45
2025-05-03 07:14:48.3774  adding result [RESULT#113] in slot 46
2025-05-03 07:14:48.3775  adding result [RESULT#114] in slot 47
2025-05-03 07:14:48.3775  adding result [RESULT#115] in slot 48
2025-05-03 07:14:48.3775  adding result [RESULT#161] in slot 49
2025-05-03 07:14:48.3775  adding result [RESULT#162] in slot 50
2025-05-03 07:14:48.3775  adding result [RESULT#163] in slot 51
2025-05-03 07:14:48.3775  adding result [RESULT#164] in slot 52
2025-05-03 07:14:48.3775  adding result [RESULT#165] in slot 53
2025-05-03 07:14:48.3776  adding result [RESULT#219] in slot 54
2025-05-03 07:14:48.3776  adding result [RESULT#225] in slot 55
2025-05-03 07:14:48.3776  adding result [RESULT#226] in slot 56
2025-05-03 07:14:48.3776  adding result [RESULT#227] in slot 57
2025-05-03 07:14:48.3776  adding result [RESULT#228] in slot 58
2025-05-03 07:14:48.3776  adding result [RESULT#229] in slot 59
2025-05-03 07:14:48.3776  adding result [RESULT#230] in slot 60
2025-05-03 07:14:48.3776  adding result [RESULT#231] in slot 61
2025-05-03 07:14:48.3777  adding result [RESULT#232] in slot 62
2025-05-03 07:14:48.3777  adding result [RESULT#233] in slot 63
2025-05-03 07:14:48.3777  adding result [RESULT#234] in slot 64
2025-05-03 07:14:48.3777  adding result [RESULT#235] in slot 65
2025-05-03 07:14:48.3777  adding result [RESULT#236] in slot 66
2025-05-03 07:14:48.3777  adding result [RESULT#237] in slot 67
2025-05-03 07:14:48.3777  adding result [RESULT#238] in slot 68
2025-05-03 07:14:48.3777  adding result [RESULT#239] in slot 69
2025-05-03 07:14:48.3778  adding result [RESULT#240] in slot 70
2025-05-03 07:14:48.3778  adding result [RESULT#241] in slot 71
2025-05-03 07:14:48.3778  adding result [RESULT#242] in slot 72
2025-05-03 07:14:48.3778  adding result [RESULT#243] in slot 73
2025-05-03 07:14:48.3778  adding result [RESULT#245] in slot 74
2025-05-03 07:14:48.3778  adding result [RESULT#246] in slot 75
2025-05-03 07:14:48.3778  adding result [RESULT#247] in slot 76
2025-05-03 07:14:48.3779  adding result [RESULT#248] in slot 77
2025-05-03 07:14:48.3779  adding result [RESULT#249] in slot 78
2025-05-03 07:14:48.3779  adding result [RESULT#250] in slot 79
2025-05-03 07:14:48.3779  adding result [RESULT#251] in slot 80
2025-05-03 07:14:48.3779  adding result [RESULT#252] in slot 81
2025-05-03 07:14:48.3779  adding result [RESULT#253] in slot 82
2025-05-03 07:14:48.3779  adding result [RESULT#254] in slot 83
2025-05-03 07:14:48.3779  adding result [RESULT#255] in slot 84
2025-05-03 07:14:48.3780  adding result [RESULT#256] in slot 85
2025-05-03 07:14:48.3780  adding result [RESULT#257] in slot 86
2025-05-03 07:14:48.3780  adding result [RESULT#258] in slot 87
2025-05-03 07:14:48.3780  adding result [RESULT#259] in slot 88
2025-05-03 07:14:48.3780  adding result [RESULT#260] in slot 89
2025-05-03 07:14:48.3780  adding result [RESULT#261] in slot 90
2025-05-03 07:14:48.3780  adding result [RESULT#262] in slot 91
2025-05-03 07:14:48.3780  adding result [RESULT#263] in slot 92
2025-05-03 07:14:48.3781  adding result [RESULT#278] in slot 93
2025-05-03 07:14:48.3781  adding result [RESULT#279] in slot 94
2025-05-03 07:14:48.3781  adding result [RESULT#280] in slot 95
2025-05-03 07:14:48.3781  adding result [RESULT#281] in slot 96
2025-05-03 07:14:48.3781  adding result [RESULT#282] in slot 97
2025-05-03 07:14:48.3781  adding result [RESULT#283] in slot 98
2025-05-03 07:14:48.3781  adding result [RESULT#284] in slot 99
2025-05-03 07:15:18.4844  adding result [RESULT#285] in slot 2
2025-05-03 07:15:18.4847  adding result [RESULT#286] in slot 3
2025-05-03 07:15:18.4847  adding result [RESULT#287] in slot 4
2025-05-03 07:15:18.4847  adding result [RESULT#288] in slot 5
2025-05-03 07:15:18.4848  adding result [RESULT#289] in slot 6
2025-05-03 07:15:18.4848  adding result [RESULT#290] in slot 7
2025-05-03 07:15:18.4848  adding result [RESULT#291] in slot 8
2025-05-03 07:15:18.4848  adding result [RESULT#292] in slot 9
2025-05-03 07:15:18.4849  adding result [RESULT#293] in slot 10
2025-05-03 07:15:18.4849  adding result [RESULT#294] in slot 11
2025-05-03 07:15:18.4850  adding result [RESULT#295] in slot 12
2025-05-03 07:15:18.4850  adding result [RESULT#296] in slot 13
2025-05-03 07:15:18.4850  adding result [RESULT#297] in slot 14
2025-05-03 07:24:10.3612  Found trigger file reread_db; re-scanning database tables.
have apps for CPU: yes
have apps for NVIDIA GPU: no
have apps for AMD/ATI GPU: no
have apps for Intel GPU: no
have apps for Miner ASIC: no
2025-05-03 07:24:10.3854  Done re-scanning: trigger file removed.
2025-05-03 07:24:10.3856  adding result [RESULT#298] in slot 0
2025-05-03 07:24:10.3856  adding result [RESULT#299] in slot 1
2025-05-03 07:24:10.3856  adding result [RESULT#300] in slot 2
2025-05-03 07:24:10.3856  adding result [RESULT#301] in slot 3
2025-05-03 07:24:10.3856  adding result [RESULT#302] in slot 4
2025-05-03 07:24:10.3857  adding result [RESULT#322] in slot 5
2025-05-03 07:24:10.3857  adding result [RESULT#323] in slot 6
2025-05-03 07:24:10.3857  adding result [RESULT#324] in slot 7
2025-05-03 07:24:10.3857  adding result [RESULT#325] in slot 8
2025-05-03 07:24:10.3857  adding result [RESULT#326] in slot 9
2025-05-03 07:24:10.3857  adding result [RESULT#327] in slot 10
2025-05-03 07:24:10.3857  adding result [RESULT#328] in slot 11
2025-05-03 07:24:10.3858  adding result [RESULT#329] in slot 12
2025-05-03 07:24:10.3858  adding result [RESULT#330] in slot 13
2025-05-03 07:24:10.3858  adding result [RESULT#331] in slot 14
2025-05-03 07:24:10.3859  adding result [RESULT#332] in slot 15
2025-05-03 07:24:10.3859  adding result [RESULT#333] in slot 16
2025-05-03 07:24:10.3859  adding result [RESULT#334] in slot 17
2025-05-03 07:24:10.3859  adding result [RESULT#335] in slot 18
2025-05-03 07:24:10.3859  adding result [RESULT#336] in slot 19
2025-05-03 07:24:10.3859  adding result [RESULT#337] in slot 20
2025-05-03 07:24:10.3859  adding result [RESULT#338] in slot 21
2025-05-03 07:24:10.3860  adding result [RESULT#339] in slot 22
2025-05-03 07:24:10.3860  adding result [RESULT#340] in slot 23
2025-05-03 07:24:10.3860  adding result [RESULT#341] in slot 24
2025-05-03 07:24:10.3860  adding result [RESULT#342] in slot 25
2025-05-03 07:24:10.3860  adding result [RESULT#343] in slot 26
2025-05-03 07:24:10.3860  adding result [RESULT#344] in slot 27
2025-05-03 07:24:10.3860  adding result [RESULT#345] in slot 28
2025-05-03 07:24:10.3861  adding result [RESULT#346] in slot 29
2025-05-03 07:24:10.3861  adding result [RESULT#347] in slot 30
2025-05-03 07:24:10.3861  adding result [RESULT#348] in slot 31
2025-05-03 07:24:10.3861  adding result [RESULT#349] in slot 32
2025-05-03 07:24:10.3861  adding result [RESULT#350] in slot 33
2025-05-03 07:24:10.3861  adding result [RESULT#351] in slot 34
2025-05-03 07:24:10.3861  adding result [RESULT#352] in slot 35
2025-05-03 07:24:10.3862  adding result [RESULT#353] in slot 36
2025-05-03 07:24:10.3862  adding result [RESULT#354] in slot 37
2025-05-03 07:24:10.3862  adding result [RESULT#355] in slot 38
2025-05-03 07:24:10.3862  adding result [RESULT#356] in slot 39
2025-05-03 07:24:10.3862  adding result [RESULT#357] in slot 40
2025-05-03 07:24:10.3862  adding result [RESULT#358] in slot 41
2025-05-03 07:24:10.3862  adding result [RESULT#359] in slot 42
2025-05-03 07:24:10.3863  adding result [RESULT#360] in slot 43
2025-05-03 07:24:10.3863  adding result [RESULT#361] in slot 44
2025-05-03 07:24:10.3863  adding result [RESULT#362] in slot 45
2025-05-03 07:24:10.3863  adding result [RESULT#363] in slot 46
2025-05-03 07:24:10.3863  adding result [RESULT#364] in slot 47
2025-05-03 07:24:10.3863  adding result [RESULT#365] in slot 48
2025-05-03 07:24:10.3864  adding result [RESULT#366] in slot 49
2025-05-03 07:24:10.3864  adding result [RESULT#367] in slot 50
2025-05-03 07:24:10.3864  adding result [RESULT#368] in slot 51
2025-05-03 07:24:10.3864  adding result [RESULT#369] in slot 52
2025-05-03 07:24:10.3864  adding result [RESULT#370] in slot 53
2025-05-03 07:24:10.3865  adding result [RESULT#371] in slot 54
2025-05-03 07:24:10.3865  adding result [RESULT#372] in slot 55
2025-05-03 07:24:10.3865  adding result [RESULT#373] in slot 56
2025-05-03 07:24:10.3865  adding result [RESULT#374] in slot 57
2025-05-03 07:24:10.3865  adding result [RESULT#375] in slot 58
2025-05-03 07:24:10.3865  adding result [RESULT#376] in slot 59
2025-05-03 07:24:10.3865  adding result [RESULT#377] in slot 60
2025-05-03 07:24:10.3866  adding result [RESULT#378] in slot 61
2025-05-03 07:24:10.3866  adding result [RESULT#379] in slot 62
2025-05-03 07:24:10.3866  adding result [RESULT#380] in slot 63
2025-05-03 07:24:10.3866  adding result [RESULT#381] in slot 64
2025-05-03 07:24:10.3866  adding result [RESULT#382] in slot 65
2025-05-03 07:24:10.3866  adding result [RESULT#383] in slot 66
2025-05-03 07:24:10.3866  adding result [RESULT#384] in slot 67
2025-05-03 07:24:10.3867  adding result [RESULT#385] in slot 68
2025-05-03 07:24:10.3867  adding result [RESULT#386] in slot 69
2025-05-03 07:24:10.3867  adding result [RESULT#387] in slot 70
2025-05-03 07:24:10.3867  adding result [RESULT#388] in slot 71
2025-05-03 07:24:10.3867  adding result [RESULT#389] in slot 72
2025-05-03 07:24:10.3867  adding result [RESULT#390] in slot 73
2025-05-03 07:24:10.3868  restarted enumeration for appid 1
2025-05-03 07:24:10.3889  adding result [RESULT#105] in slot 74
2025-05-03 07:24:10.3889  adding result [RESULT#106] in slot 75
2025-05-03 07:24:10.3889  adding result [RESULT#107] in slot 76
2025-05-03 07:24:10.3889  adding result [RESULT#108] in slot 77
2025-05-03 07:24:10.3890  adding result [RESULT#109] in slot 78
2025-05-03 07:24:10.3890  adding result [RESULT#110] in slot 79
2025-05-03 07:24:10.3890  adding result [RESULT#111] in slot 80
2025-05-03 07:24:10.3890  adding result [RESULT#112] in slot 81
2025-05-03 07:24:10.3890  adding result [RESULT#113] in slot 82
2025-05-03 07:24:10.3890  adding result [RESULT#114] in slot 83
2025-05-03 07:24:10.3891  adding result [RESULT#115] in slot 84
2025-05-03 07:24:10.3891  adding result [RESULT#161] in slot 85
2025-05-03 07:24:10.3891  adding result [RESULT#162] in slot 86
2025-05-03 07:24:10.3891  adding result [RESULT#163] in slot 87
2025-05-03 07:24:10.3891  adding result [RESULT#164] in slot 88
2025-05-03 07:24:10.3891  adding result [RESULT#165] in slot 89
2025-05-03 07:24:10.3891  adding result [RESULT#219] in slot 90
2025-05-03 07:24:10.3892  adding result [RESULT#225] in slot 91
2025-05-03 07:24:10.3892  adding result [RESULT#226] in slot 92
2025-05-03 07:24:10.3892  adding result [RESULT#227] in slot 93
2025-05-03 07:24:10.3892  adding result [RESULT#228] in slot 94
2025-05-03 07:24:10.3892  adding result [RESULT#229] in slot 95
2025-05-03 07:24:10.3893  adding result [RESULT#230] in slot 96
2025-05-03 07:24:10.3893  adding result [RESULT#231] in slot 97
2025-05-03 07:24:10.3893  adding result [RESULT#232] in slot 98
2025-05-03 07:24:10.3893  adding result [RESULT#233] in slot 99
2025-05-03 07:25:40.7264  adding result [RESULT#234] in slot 47
2025-05-03 07:25:50.7594  adding result [RESULT#235] in slot 52
2025-05-03 07:25:50.7597  adding result [RESULT#236] in slot 53
2025-05-03 07:25:50.7597  adding result [RESULT#237] in slot 54
2025-05-03 07:25:50.7598  adding result [RESULT#238] in slot 55
2025-05-03 07:25:50.7599  adding result [RESULT#239] in slot 56
2025-05-03 07:25:50.7600  adding result [RESULT#240] in slot 57
2025-05-03 07:25:50.7600  adding result [RESULT#241] in slot 58
2025-05-03 07:25:50.7602  adding result [RESULT#242] in slot 59
2025-05-03 07:25:50.7602  adding result [RESULT#243] in slot 60
2025-05-03 07:25:50.7603  adding result [RESULT#245] in slot 61
2025-05-03 07:25:50.7603  adding result [RESULT#246] in slot 62
2025-05-03 07:25:50.7604  adding result [RESULT#247] in slot 63
2025-05-03 07:25:50.7604  adding result [RESULT#248] in slot 64
2025-05-03 07:25:50.7605  adding result [RESULT#249] in slot 65
2025-05-03 07:25:50.7606  adding result [RESULT#250] in slot 66
2025-05-03 07:25:50.7606  adding result [RESULT#251] in slot 67
2025-05-03 07:25:50.7607  adding result [RESULT#252] in slot 68
2025-05-03 07:25:50.7607  adding result [RESULT#253] in slot 69
2025-05-03 07:25:50.7607  adding result [RESULT#254] in slot 70
2025-05-03 07:26:05.7940  adding result [RESULT#255] in slot 8
2025-05-03 07:26:05.7940  adding result [RESULT#256] in slot 9
2025-05-03 07:26:05.7940  adding result [RESULT#257] in slot 10
2025-05-03 07:26:05.7941  adding result [RESULT#258] in slot 11
2025-05-03 07:26:05.7941  adding result [RESULT#259] in slot 12
2025-05-03 07:26:05.7941  adding result [RESULT#260] in slot 13
2025-05-03 07:26:05.7941  adding result [RESULT#261] in slot 14
2025-05-03 07:26:05.7941  adding result [RESULT#262] in slot 15
2025-05-03 07:26:05.7941  adding result [RESULT#263] in slot 16
2025-05-03 07:26:05.7941  adding result [RESULT#278] in slot 17
2025-05-03 07:26:05.7941  adding result [RESULT#279] in slot 18
2025-05-03 07:26:05.7941  adding result [RESULT#280] in slot 19
2025-05-03 07:26:05.7941  adding result [RESULT#281] in slot 20
2025-05-03 07:26:05.7941  adding result [RESULT#282] in slot 21
2025-05-03 07:26:05.7941  adding result [RESULT#283] in slot 22
2025-05-03 07:26:05.7942  adding result [RESULT#284] in slot 23
2025-05-03 07:26:05.7942  adding result [RESULT#285] in slot 24
2025-05-03 07:26:05.7942  adding result [RESULT#286] in slot 25
2025-05-03 07:26:05.7942  adding result [RESULT#287] in slot 26
2025-05-03 07:26:05.7942  adding result [RESULT#288] in slot 27
2025-05-03 07:26:05.7942  adding result [RESULT#289] in slot 28
2025-05-03 07:26:30.8591  adding result [RESULT#290] in slot 6
2025-05-03 07:26:30.8595  adding result [RESULT#291] in slot 7
2025-05-03 07:26:30.8596  adding result [RESULT#292] in slot 8
2025-05-03 07:26:30.8596  adding result [RESULT#293] in slot 9
2025-05-03 07:26:30.8597  adding result [RESULT#294] in slot 10
2025-05-03 07:26:30.8597  adding result [RESULT#295] in slot 11
2025-05-03 07:26:30.8598  adding result [RESULT#296] in slot 12
2025-05-03 07:26:30.8598  adding result [RESULT#297] in slot 13
2025-05-03 07:26:30.8600  adding result [RESULT#323] in slot 14
2025-05-03 07:26:30.8601  adding result [RESULT#324] in slot 15
2025-05-03 07:26:30.8601  adding result [RESULT#325] in slot 16
2025-05-03 07:26:30.8613  adding result [RESULT#326] in slot 17
2025-05-03 07:26:30.8614  adding result [RESULT#327] in slot 18
2025-05-03 07:26:30.8615  adding result [RESULT#328] in slot 19
2025-05-03 07:26:30.8615  adding result [RESULT#329] in slot 20
2025-05-03 07:26:30.8615  adding result [RESULT#330] in slot 21
2025-05-03 07:26:30.8616  adding result [RESULT#331] in slot 22
2025-05-03 07:26:30.8616  adding result [RESULT#332] in slot 23
2025-05-03 07:26:30.8616  adding result [RESULT#333] in slot 24
2025-05-03 07:26:45.9035  adding result [RESULT#334] in slot 12
2025-05-03 07:26:45.9040  adding result [RESULT#335] in slot 13
2025-05-03 07:26:45.9041  adding result [RESULT#336] in slot 14
2025-05-03 07:26:45.9041  adding result [RESULT#337] in slot 15
2025-05-03 07:26:45.9042  adding result [RESULT#338] in slot 16
2025-05-03 07:26:45.9042  adding result [RESULT#339] in slot 17
2025-05-03 07:26:45.9043  adding result [RESULT#340] in slot 18
2025-05-03 07:26:45.9043  adding result [RESULT#341] in slot 19
2025-05-03 07:26:45.9044  adding result [RESULT#342] in slot 20
2025-05-03 07:26:45.9045  adding result [RESULT#343] in slot 21
2025-05-03 07:26:45.9049  adding result [RESULT#364] in slot 22
2025-05-03 07:26:45.9050  adding result [RESULT#365] in slot 23
2025-05-03 07:26:45.9050  adding result [RESULT#366] in slot 24
2025-05-03 07:26:45.9051  adding result [RESULT#367] in slot 25
2025-05-03 07:26:45.9051  adding result [RESULT#368] in slot 26
2025-05-03 07:26:45.9052  adding result [RESULT#369] in slot 27
2025-05-03 07:26:45.9053  adding result [RESULT#370] in slot 28
2025-05-03 07:26:45.9053  adding result [RESULT#371] in slot 29
2025-05-03 07:26:45.9054  adding result [RESULT#372] in slot 30
2025-05-03 07:26:45.9055  adding result [RESULT#373] in slot 31
2025-05-03 07:26:45.9056  adding result [RESULT#374] in slot 32
2025-05-03 07:26:45.9056  adding result [RESULT#375] in slot 33
2025-05-03 07:26:45.9056  adding result [RESULT#376] in slot 34
2025-05-03 07:26:45.9057  adding result [RESULT#377] in slot 35
2025-05-03 07:26:45.9057  adding result [RESULT#378] in slot 36
2025-05-03 07:26:45.9057  adding result [RESULT#379] in slot 48
2025-05-03 07:26:45.9058  adding result [RESULT#380] in slot 49
2025-05-03 07:26:45.9058  adding result [RESULT#381] in slot 50
2025-05-03 07:26:45.9058  adding result [RESULT#382] in slot 51
2025-05-03 07:26:45.9059  adding result [RESULT#383] in slot 52
2025-05-03 07:26:45.9059  adding result [RESULT#384] in slot 53
2025-05-03 07:26:45.9059  adding result [RESULT#385] in slot 54
2025-05-03 07:26:45.9060  adding result [RESULT#386] in slot 55
2025-05-03 07:26:45.9060  adding result [RESULT#387] in slot 56
2025-05-03 07:26:45.9061  adding result [RESULT#391] in slot 57
2025-05-03 07:26:45.9061  adding result [RESULT#392] in slot 58
2025-05-03 07:26:45.9061  adding result [RESULT#393] in slot 59
2025-05-03 07:26:45.9062  adding result [RESULT#394] in slot 60
2025-05-03 07:27:10.9964  adding result [RESULT#395] in slot 60
2025-05-03 07:27:10.9965  adding result [RESULT#396] in slot 61
2025-05-03 07:27:10.9966  adding result [RESULT#397] in slot 62
2025-05-03 07:27:10.9966  adding result [RESULT#398] in slot 63
2025-05-03 07:27:10.9966  adding result [RESULT#399] in slot 64
2025-05-03 07:27:10.9967  adding result [RESULT#400] in slot 65
2025-05-03 07:27:10.9967  adding result [RESULT#401] in slot 66
2025-05-03 07:27:10.9967  adding result [RESULT#402] in slot 67
2025-05-03 07:27:10.9967  restarted enumeration for appid 1
2025-05-03 07:27:11.0004  adding result [RESULT#403] in slot 68
2025-05-03 07:27:11.0004  adding result [RESULT#404] in slot 69
2025-05-03 07:27:11.0004  adding result [RESULT#405] in slot 70
2025-05-03 07:27:11.0005  adding result [RESULT#406] in slot 71
2025-05-03 07:27:11.0005  adding result [RESULT#407] in slot 72
2025-05-03 07:27:11.0005  adding result [RESULT#408] in slot 73
2025-05-03 07:27:11.0005  adding result [RESULT#409] in slot 74
2025-05-03 07:27:11.0005  adding result [RESULT#410] in slot 75
2025-05-03 07:27:11.0005  adding result [RESULT#411] in slot 76
2025-05-03 07:27:11.0005  adding result [RESULT#412] in slot 77
2025-05-03 07:27:11.0005  adding result [RESULT#413] in slot 78
2025-05-03 07:27:26.0463  adding result [RESULT#414] in slot 78
2025-05-03 07:27:26.0464  adding result [RESULT#415] in slot 79
2025-05-03 07:27:26.0464  adding result [RESULT#416] in slot 80
2025-05-03 07:27:26.0464  adding result [RESULT#417] in slot 81
2025-05-03 07:27:26.0465  adding result [RESULT#418] in slot 82
2025-05-03 07:27:26.0465  adding result [RESULT#419] in slot 83
2025-05-03 07:27:26.0465  adding result [RESULT#420] in slot 84
2025-05-03 07:27:26.0465  adding result [RESULT#421] in slot 85
2025-05-03 07:27:26.0465  adding result [RESULT#422] in slot 86
2025-05-03 07:27:26.0465  adding result [RESULT#423] in slot 87
2025-05-03 07:27:26.0465  adding result [RESULT#424] in slot 88
2025-05-03 07:27:26.0466  adding result [RESULT#425] in slot 89
2025-05-03 07:27:26.0466  adding result [RESULT#426] in slot 90
2025-05-03 07:27:26.0466  adding result [RESULT#427] in slot 91
2025-05-03 07:27:26.0466  adding result [RESULT#428] in slot 92
2025-05-03 07:27:26.0466  adding result [RESULT#429] in slot 93
2025-05-03 07:27:26.0466  adding result [RESULT#430] in slot 94
2025-05-03 07:27:26.0466  adding result [RESULT#431] in slot 95
2025-05-03 07:27:26.0466  adding result [RESULT#432] in slot 96
2025-05-03 07:27:51.1250  adding result [RESULT#433] in slot 0
2025-05-03 07:27:51.1251  adding result [RESULT#434] in slot 1
2025-05-03 07:27:51.1252  adding result [RESULT#435] in slot 2
2025-05-03 07:27:51.1252  adding result [RESULT#436] in slot 3
2025-05-03 07:27:51.1253  adding result [RESULT#437] in slot 4
2025-05-03 07:27:51.1253  adding result [RESULT#438] in slot 5
2025-05-03 07:27:51.1254  adding result [RESULT#439] in slot 6
2025-05-03 07:27:51.1255  adding result [RESULT#440] in slot 7
2025-05-03 07:27:51.1255  adding result [RESULT#441] in slot 8
2025-05-03 07:27:51.1256  adding result [RESULT#442] in slot 9
2025-05-03 07:27:51.1256  adding result [RESULT#443] in slot 10
2025-05-03 07:27:51.1257  restarted enumeration for appid 1
2025-05-03 07:40:44.2196  Found trigger file reread_db; re-scanning database tables.
have apps for CPU: yes
have apps for NVIDIA GPU: no
have apps for AMD/ATI GPU: no
have apps for Intel GPU: no
have apps for Miner ASIC: no
2025-05-03 07:40:44.2385  Done re-scanning: trigger file removed.
2025-05-03 07:40:49.2540  Found trigger file reread_db; re-scanning database tables.
have apps for CPU: yes
have apps for NVIDIA GPU: no
have apps for AMD/ATI GPU: no
have apps for Intel GPU: no
have apps for Miner ASIC: no
2025-05-03 07:40:49.2685  Done re-scanning: trigger file removed.
2025-05-03 07:42:09.5912  Found trigger file reread_db; re-scanning database tables.
have apps for CPU: yes
have apps for NVIDIA GPU: no
have apps for AMD/ATI GPU: no
have apps for Intel GPU: no
have apps for Miner ASIC: no
2025-05-03 07:42:09.6140  Done re-scanning: trigger file removed.
2025-05-03 07:43:29.9079  adding result [RESULT#444] in slot 0
2025-05-03 07:43:29.9081  adding result [RESULT#445] in slot 1
2025-05-03 07:49:36.3682  adding result [RESULT#446] in slot 0
2025-05-03 07:51:36.8445  adding result [RESULT#447] in slot 0
2025-05-03 07:51:36.8448  adding result [RESULT#448] in slot 1
2025-05-03 07:59:38.7288  adding result [RESULT#449] in slot 0
2025-05-03 07:59:43.7557  adding result [RESULT#450] in slot 1
2025-05-03 08:01:54.3334  adding result [RESULT#451] in slot 0
2025-05-03 08:04:35.0550  adding result [RESULT#452] in slot 0
2025-05-03 08:04:35.0552  adding result [RESULT#453] in slot 1
2025-05-03 08:07:00.6515  adding result [RESULT#454] in slot 0
GOT STOP SIGNAL
2025-05-03 08:08:56.1491  Quitting due to SIGHUP
[2025/05/03 08:08:56] Executing command: feeder -d 3
2025-05-03 08:08:56.7976  Starting
2025-05-03 08:08:56.7999  7.15.0
have apps for CPU: yes
have apps for NVIDIA GPU: no
have apps for AMD/ATI GPU: no
have apps for Intel GPU: no
have apps for Miner ASIC: no
2025-05-03 08:08:56.8253  read 14 platforms, 3 apps, 5 app_versions, 0 assignments
2025-05-03 08:08:56.8254  Using 100 job slots
2025-05-03 08:08:56.8264  adding result [RESULT#454] in slot 0
2025-05-03 08:09:21.9163  adding result [RESULT#455] in slot 1
2025-05-03 08:10:12.1032  adding result [RESULT#456] in slot 0
Traceback (most recent call last):
  File "bin/start", line 794, in <module>
    apply(command)
  File "bin/start", line 560, in command_enable_start
    found_any = run_daemons()
  File "bin/start", line 472, in run_daemons
    run_daemon(task)
  File "bin/start", line 457, in run_daemon
    write_pid_file(get_daemon_pid_name(task))
  File "bin/start", line 300, in write_pid_file
    print >>open(pidfile,'w'), os.getpid()
IOError: [Errno 13] Permission denied: u'/home/boincadm/project/pid_hello/feeder.pid'
[2025/05/03 08:14:39] Executing command: feeder -d 3
2025-05-03 08:14:39.5364  Starting
2025-05-03 08:14:39.5386  7.15.0
have apps for CPU: yes
have apps for NVIDIA GPU: no
have apps for AMD/ATI GPU: no
have apps for Intel GPU: no
have apps for Miner ASIC: no
2025-05-03 08:14:39.5687  read 14 platforms, 3 apps, 5 app_versions, 0 assignments
2025-05-03 08:14:39.5688  Using 100 job slots
2025-05-03 08:14:44.5925  adding result [RESULT#457] in slot 0
2025-05-03 08:16:19.9479  adding result [RESULT#458] in slot 1
GOT STOP SIGNAL
2025-05-03 08:16:25.6167  Quitting due to SIGHUP
[2025/05/03 08:16:29] Executing command: feeder -d 3
2025-05-03 08:16:29.1837  Starting
2025-05-03 08:16:29.1858  7.15.0
have apps for CPU: yes
have apps for NVIDIA GPU: no
have apps for AMD/ATI GPU: no
have apps for Intel GPU: no
have apps for Miner ASIC: no
2025-05-03 08:16:29.2099  read 14 platforms, 3 apps, 5 app_versions, 0 assignments
2025-05-03 08:16:29.2100  Using 100 job slots
2025-05-03 08:16:29.2107  adding result [RESULT#457] in slot 0
2025-05-03 08:16:29.2107  adding result [RESULT#458] in slot 1
2025-05-03 08:17:09.3464  adding result [RESULT#459] in slot 0
2025-05-03 08:18:19.6128  adding result [RESULT#460] in slot 0
2025-05-03 08:18:19.6132  adding result [RESULT#461] in slot 1
2025-05-03 08:18:19.6132  adding result [RESULT#462] in slot 2
2025-05-03 08:18:19.6133  adding result [RESULT#463] in slot 3
2025-05-03 08:18:19.6133  adding result [RESULT#464] in slot 4
2025-05-03 08:18:34.6993  adding result [RESULT#465] in slot 0
2025-05-03 08:18:34.6994  adding result [RESULT#466] in slot 1
2025-05-03 08:18:34.6994  adding result [RESULT#467] in slot 2
2025-05-03 08:19:09.8564  adding result [RESULT#468] in slot 0
2025-05-03 08:19:09.8568  adding result [RESULT#469] in slot 1
2025-05-03 08:19:09.8568  adding result [RESULT#470] in slot 2
2025-05-03 08:19:09.8569  adding result [RESULT#471] in slot 3
2025-05-03 08:19:09.8569  adding result [RESULT#472] in slot 4
2025-05-03 08:19:09.8569  adding result [RESULT#473] in slot 5
2025-05-03 08:19:09.8570  adding result [RESULT#474] in slot 6
2025-05-03 08:19:14.8773  adding result [RESULT#475] in slot 7
2025-05-03 08:19:14.8774  adding result [RESULT#476] in slot 8
2025-05-03 08:19:14.8775  adding result [RESULT#477] in slot 9
2025-05-03 08:19:14.8775  adding result [RESULT#478] in slot 10
2025-05-03 08:19:14.8775  adding result [RESULT#479] in slot 11
2025-05-03 08:19:14.8775  adding result [RESULT#480] in slot 12
2025-05-03 08:19:14.8776  adding result [RESULT#481] in slot 13
2025-05-03 08:19:14.8776  adding result [RESULT#482] in slot 14
2025-05-03 08:19:14.8776  adding result [RESULT#483] in slot 15
2025-05-03 08:19:14.8776  adding result [RESULT#484] in slot 16
2025-05-03 08:20:50.3112  adding result [RESULT#485] in slot 17
2025-05-03 08:20:55.3340  adding result [RESULT#486] in slot 18
2025-05-03 08:20:55.3340  adding result [RESULT#487] in slot 19
2025-05-03 08:20:55.3341  adding result [RESULT#488] in slot 20
2025-05-03 08:20:55.3341  adding result [RESULT#489] in slot 21
2025-05-03 08:20:55.3341  adding result [RESULT#490] in slot 22
2025-05-03 08:20:55.3342  adding result [RESULT#491] in slot 23
2025-05-03 08:20:55.3342  adding result [RESULT#492] in slot 24
2025-05-03 08:20:55.3342  adding result [RESULT#493] in slot 25
2025-05-03 08:20:55.3342  adding result [RESULT#494] in slot 26
2025-05-03 08:20:55.3343  adding result [RESULT#495] in slot 27
2025-05-03 08:20:55.3343  adding result [RESULT#496] in slot 28
2025-05-03 08:20:55.3344  adding result [RESULT#497] in slot 29
GOT STOP SIGNAL
2025-05-03 08:23:06.3415  Quitting due to SIGHUP
[2025/05/03 08:23:06] Executing command: feeder -d 3
2025-05-03 08:23:06.9780  Starting
2025-05-03 08:23:06.9803  7.15.0
have apps for CPU: yes
have apps for NVIDIA GPU: no
have apps for AMD/ATI GPU: no
have apps for Intel GPU: no
have apps for Miner ASIC: no
2025-05-03 08:23:07.0092  read 14 platforms, 3 apps, 5 app_versions, 0 assignments
2025-05-03 08:23:07.0094  Using 100 job slots
2025-05-03 08:23:07.0102  adding result [RESULT#468] in slot 0
2025-05-03 08:23:07.0102  adding result [RESULT#469] in slot 1
2025-05-03 08:23:07.0102  adding result [RESULT#470] in slot 2
2025-05-03 08:23:07.0102  adding result [RESULT#471] in slot 3
2025-05-03 08:23:07.0102  adding result [RESULT#472] in slot 4
2025-05-03 08:23:07.0102  adding result [RESULT#473] in slot 5
2025-05-03 08:23:07.0103  adding result [RESULT#474] in slot 6
2025-05-03 08:23:07.0103  adding result [RESULT#475] in slot 7
2025-05-03 08:23:07.0103  adding result [RESULT#476] in slot 8
2025-05-03 08:23:07.0103  adding result [RESULT#477] in slot 9
2025-05-03 08:23:07.0103  adding result [RESULT#478] in slot 10
2025-05-03 08:23:07.0103  adding result [RESULT#479] in slot 11
2025-05-03 08:23:07.0103  adding result [RESULT#480] in slot 12
2025-05-03 08:23:07.0103  adding result [RESULT#481] in slot 13
2025-05-03 08:23:07.0103  adding result [RESULT#482] in slot 14
2025-05-03 08:23:07.0103  adding result [RESULT#483] in slot 15
2025-05-03 08:23:07.0103  adding result [RESULT#484] in slot 16
2025-05-03 08:23:07.0103  adding result [RESULT#485] in slot 17
2025-05-03 08:23:07.0104  adding result [RESULT#486] in slot 18
2025-05-03 08:23:07.0104  adding result [RESULT#487] in slot 19
2025-05-03 08:23:07.0104  adding result [RESULT#488] in slot 20
2025-05-03 08:23:07.0104  adding result [RESULT#489] in slot 21
2025-05-03 08:23:07.0104  adding result [RESULT#490] in slot 22
2025-05-03 08:23:07.0104  adding result [RESULT#491] in slot 23
2025-05-03 08:23:07.0104  adding result [RESULT#492] in slot 24
2025-05-03 08:23:07.0104  adding result [RESULT#493] in slot 25
2025-05-03 08:23:07.0104  adding result [RESULT#494] in slot 26
2025-05-03 08:23:07.0104  adding result [RESULT#495] in slot 27
2025-05-03 08:23:07.0104  adding result [RESULT#496] in slot 28
2025-05-03 08:23:07.0104  adding result [RESULT#497] in slot 29
2025-05-03 08:27:43.0853  adding result [RESULT#498] in slot 0
2025-05-03 08:27:43.0855  adding result [RESULT#499] in slot 1
2025-05-03 08:27:43.0855  adding result [RESULT#500] in slot 2
2025-05-03 08:27:43.0855  adding result [RESULT#501] in slot 3
2025-05-03 08:27:43.0855  adding result [RESULT#502] in slot 4
2025-05-03 08:27:43.0855  adding result [RESULT#503] in slot 5
2025-05-03 08:27:43.0855  adding result [RESULT#504] in slot 6
2025-05-03 08:27:43.0855  adding result [RESULT#505] in slot 7
2025-05-03 08:27:43.0855  adding result [RESULT#506] in slot 8
2025-05-03 08:27:43.0855  adding result [RESULT#507] in slot 9
2025-05-03 08:27:43.0855  adding result [RESULT#508] in slot 10
2025-05-03 08:27:43.0856  adding result [RESULT#509] in slot 11
2025-05-03 08:27:43.0856  adding result [RESULT#510] in slot 12
2025-05-03 08:27:43.0856  adding result [RESULT#511] in slot 13
2025-05-03 08:27:43.0856  adding result [RESULT#512] in slot 14
2025-05-03 08:27:43.0856  adding result [RESULT#513] in slot 15
2025-05-03 08:27:43.0856  adding result [RESULT#514] in slot 16
2025-05-03 08:27:43.0856  adding result [RESULT#515] in slot 17
2025-05-03 08:27:43.0856  adding result [RESULT#516] in slot 18
2025-05-03 08:27:43.0856  adding result [RESULT#517] in slot 19
2025-05-03 08:27:43.0857  adding result [RESULT#518] in slot 20
2025-05-03 08:27:43.0857  adding result [RESULT#519] in slot 21
2025-05-03 08:27:43.0857  adding result [RESULT#520] in slot 22
2025-05-03 08:27:43.0857  adding result [RESULT#521] in slot 23
2025-05-03 08:27:43.0857  adding result [RESULT#522] in slot 24
2025-05-03 08:27:43.0857  adding result [RESULT#523] in slot 25
2025-05-03 08:27:43.0857  adding result [RESULT#524] in slot 26
2025-05-03 08:27:43.0857  adding result [RESULT#525] in slot 27
2025-05-03 08:27:43.0857  adding result [RESULT#526] in slot 28
2025-05-03 08:27:43.0857  adding result [RESULT#527] in slot 29
2025-05-03 08:28:23.2542  adding result [RESULT#528] in slot 30
2025-05-03 08:28:53.3718  adding result [RESULT#529] in slot 31
2025-05-03 08:28:53.3718  adding result [RESULT#530] in slot 32
2025-05-03 08:28:53.3719  adding result [RESULT#531] in slot 33
2025-05-03 08:28:53.3719  adding result [RESULT#532] in slot 34
2025-05-03 08:29:23.4886  adding result [RESULT#533] in slot 35
2025-05-03 08:29:48.5926  adding result [RESULT#534] in slot 36
2025-05-03 08:29:48.5929  adding result [RESULT#535] in slot 37
2025-05-03 08:29:48.5929  adding result [RESULT#536] in slot 38
2025-05-03 08:29:48.5930  adding result [RESULT#537] in slot 39
2025-05-03 08:29:53.6111  adding result [RESULT#538] in slot 40
2025-05-03 08:29:53.6112  adding result [RESULT#539] in slot 41
2025-05-03 08:29:53.6113  adding result [RESULT#540] in slot 42
2025-05-03 08:29:53.6113  adding result [RESULT#541] in slot 43
2025-05-03 08:29:53.6113  adding result [RESULT#542] in slot 44
2025-05-03 08:29:53.6113  adding result [RESULT#543] in slot 45
2025-05-03 08:29:53.6114  adding result [RESULT#544] in slot 46
GOT STOP SIGNAL
2025-05-03 08:38:30.3294  Quitting due to SIGHUP
[2025/05/03 08:38:30] Executing command: feeder -d 3
2025-05-03 08:38:30.9701  Starting
2025-05-03 08:38:30.9723  7.15.0
have apps for CPU: yes
have apps for NVIDIA GPU: no
have apps for AMD/ATI GPU: no
have apps for Intel GPU: no
have apps for Miner ASIC: no
2025-05-03 08:38:30.9965  read 14 platforms, 3 apps, 5 app_versions, 0 assignments
2025-05-03 08:38:30.9966  Using 100 job slots
GOT STOP SIGNAL
2025-05-03 08:39:24.6076  Quitting due to SIGHUP
[2025/05/03 08:39:25] Executing command: feeder -d 3
2025-05-03 08:39:25.2402  Starting
2025-05-03 08:39:25.2424  7.15.0
have apps for CPU: yes
have apps for NVIDIA GPU: no
have apps for AMD/ATI GPU: no
have apps for Intel GPU: no
have apps for Miner ASIC: no
2025-05-03 08:39:25.2669  read 14 platforms, 3 apps, 5 app_versions, 0 assignments
2025-05-03 08:39:25.2670  Using 100 job slots
GOT STOP SIGNAL
2025-05-03 08:39:42.9081  Quitting due to SIGHUP
[2025/05/03 08:39:43] Executing command: feeder -d 3
2025-05-03 08:39:43.5537  Starting
2025-05-03 08:39:43.5561  7.15.0
have apps for CPU: yes
have apps for NVIDIA GPU: no
have apps for AMD/ATI GPU: no
have apps for Intel GPU: no
have apps for Miner ASIC: no
2025-05-03 08:39:43.5815  read 14 platforms, 3 apps, 5 app_versions, 0 assignments
2025-05-03 08:39:43.5816  Using 100 job slots
