2025-05-03 06:19:28.4514 [PID=70   ] [CRITICAL]  [HOST#<none>] Bad authenticator 'd8a11827b13ccaf46ba32c0879256054': no database rows found in lookup/enumerate
2025-05-03 06:19:28.4546 [PID=70   ]   Sending reply to [HOST#0]: 0 results, delay req 3600.00
2025-05-03 06:19:28.4546 [PID=70   ]   Scheduler ran 0.018 seconds
2025-05-03 06:20:29.9482 [PID=104  ]   Request: [USER#1] [HOST#1] [IP 172.18.0.1] client 7.16.17
2025-05-03 06:20:29.9557 [PID=104  ]    Sending reply to [HOST#1]: 0 results, delay req 7.00
2025-05-03 06:20:29.9561 [PID=104  ]    Scheduler ran 0.030 seconds
2025-05-03 06:20:42.0035 [PID=105  ]   Request: [USER#1] [HOST#1] [IP 172.18.0.1] client 7.16.17
2025-05-03 06:20:42.0106 [PID=105  ]    Sending reply to [HOST#1]: 0 results, delay req 7.00
2025-05-03 06:20:42.0110 [PID=105  ]    Scheduler ran 0.021 seconds
2025-05-03 06:25:47.4635 [PID=205  ]   [HOST#1] [USER#1] No host ID in request, but host with matching CPID found.
2025-05-03 06:25:47.4659 [PID=205  ]   Request: [USER#1] [HOST#1] [IP 172.18.0.1] client 7.16.17
2025-05-03 06:25:47.4713 [PID=205  ]    Sending reply to [HOST#1]: 0 results, delay req 7.00
2025-05-03 06:25:47.4716 [PID=205  ]    Scheduler ran 0.024 seconds
2025-05-03 06:26:25.5462 [PID=206  ]   Request: [USER#1] [HOST#2] [IP 172.18.0.1] client 7.16.17
2025-05-03 06:26:25.5521 [PID=206  ]    Sending reply to [HOST#2]: 0 results, delay req 7.00
2025-05-03 06:26:25.5524 [PID=206  ]    Scheduler ran 0.024 seconds
2025-05-03 06:26:37.6330 [PID=207  ]   Request: [USER#1] [HOST#2] [IP 172.18.0.1] client 7.16.17
2025-05-03 06:26:37.6413 [PID=207  ]    Sending reply to [HOST#2]: 0 results, delay req 7.00
2025-05-03 06:26:37.6417 [PID=207  ]    Scheduler ran 0.026 seconds
2025-05-03 06:27:19.8832 [PID=260  ]   [HOST#2] [USER#1] No host ID in request, but host with matching CPID found.
2025-05-03 06:27:19.8860 [PID=260  ]   Request: [USER#1] [HOST#2] [IP 172.18.0.1] client 7.16.17
2025-05-03 06:27:19.9004 [PID=260  ]    Sending reply to [HOST#2]: 1 results, delay req 7.00
2025-05-03 06:27:19.9009 [PID=260  ]    Scheduler ran 0.034 seconds
2025-05-03 06:27:32.0701 [PID=261  ]   Request: [USER#1] [HOST#2] [IP 172.18.0.1] client 7.16.17
2025-05-03 06:27:32.1157 [PID=261  ]    Sending reply to [HOST#2]: 19 results, delay req 7.00
2025-05-03 06:27:32.1162 [PID=261  ]    Scheduler ran 0.067 seconds
2025-05-03 06:27:44.2613 [PID=262  ]   Request: [USER#1] [HOST#2] [IP 172.18.0.1] client 7.16.17
2025-05-03 06:27:44.3080 [PID=262  ]    Sending reply to [HOST#2]: 19 results, delay req 7.00
2025-05-03 06:27:44.3085 [PID=262  ]    Scheduler ran 0.063 seconds
2025-05-03 06:32:02.1901 [PID=306  ] [CRITICAL]  [HOST#<none>] Bad authenticator 'ba523f14280068c5d539b7d87ff47bef': no database rows found in lookup/enumerate
2025-05-03 06:32:02.1933 [PID=306  ]   Sending reply to [HOST#0]: 0 results, delay req 3600.00
2025-05-03 06:32:02.1933 [PID=306  ]   Scheduler ran 0.017 seconds
2025-05-03 06:32:19.5196 [PID=307  ] [CRITICAL]  [HOST#<none>] Bad authenticator 'ba523f14280068c5d539b7d87ff47bef': no database rows found in lookup/enumerate
2025-05-03 06:32:19.5226 [PID=307  ]   Sending reply to [HOST#0]: 0 results, delay req 3600.00
2025-05-03 06:32:19.5227 [PID=307  ]   Scheduler ran 0.016 seconds
2025-05-03 06:33:51.8939 [PID=308  ]   Request: [USER#1] [HOST#3] [IP 172.18.0.1] client 8.0.2
2025-05-03 06:33:51.9101 [PID=308  ]    Sending reply to [HOST#3]: 1 results, delay req 7.00
2025-05-03 06:33:51.9105 [PID=308  ]    Scheduler ran 0.038 seconds
2025-05-03 06:33:58.1249 [PID=309  ]   Request: [USER#1] [HOST#3] [IP 172.18.0.1] client 8.0.2
2025-05-03 06:33:58.2239 [PID=309  ]    Sending reply to [HOST#3]: 64 results, delay req 7.00
2025-05-03 06:33:58.2246 [PID=309  ]    Scheduler ran 0.115 seconds
2025-05-03 06:34:09.9788 [PID=310  ]   Request: [USER#1] [HOST#3] [IP 172.18.0.1] client 8.0.2
2025-05-03 06:34:09.9885 [PID=310  ]    Sending reply to [HOST#3]: 0 results, delay req 7.00
2025-05-03 06:34:09.9889 [PID=310  ]    Scheduler ran 0.029 seconds
2025-05-03 06:43:14.9521 [PID=460  ]   [HOST#1] [USER#1] No host ID in request, but host with matching CPID found.
2025-05-03 06:43:14.9549 [PID=460  ]   Request: [USER#1] [HOST#1] [IP 172.18.0.1] client 7.16.17
2025-05-03 06:43:14.9615 [PID=460  ]    Sending reply to [HOST#1]: 0 results, delay req 7.00
2025-05-03 06:43:14.9618 [PID=460  ]    Scheduler ran 0.025 seconds
2025-05-03 06:43:27.0391 [PID=461  ]   Request: [USER#1] [HOST#1] [IP 172.18.0.1] client 7.16.17
2025-05-03 06:43:27.0472 [PID=461  ]    Sending reply to [HOST#1]: 0 results, delay req 7.00
2025-05-03 06:43:27.0476 [PID=461  ]    Scheduler ran 0.026 seconds
2025-05-03 06:44:25.6891 [PID=551  ]   [HOST#2] [USER#1] No host ID in request, but host with matching CPID found.
2025-05-03 06:44:25.6955 [PID=551  ] [CRITICAL]  [HOST#2] [RESULT#13] [WU#7] changed CPID: marking in-progress result myapp_214_1746253622.413602_0 as client error!
2025-05-03 06:44:25.6968 [PID=551  ] [CRITICAL]  [HOST#2] [RESULT#14] [WU#7] changed CPID: marking in-progress result myapp_214_1746253622.413602_1 as client error!
2025-05-03 06:44:25.6986 [PID=551  ] [CRITICAL]  [HOST#2] [RESULT#15] [WU#8] changed CPID: marking in-progress result myapp_215_1746253622.462687_0 as client error!
2025-05-03 06:44:25.7009 [PID=551  ] [CRITICAL]  [HOST#2] [RESULT#16] [WU#8] changed CPID: marking in-progress result myapp_215_1746253622.462687_1 as client error!
2025-05-03 06:44:25.7022 [PID=551  ] [CRITICAL]  [HOST#2] [RESULT#17] [WU#9] changed CPID: marking in-progress result myapp_216_1746253622.516581_0 as client error!
2025-05-03 06:44:25.7030 [PID=551  ] [CRITICAL]  [HOST#2] [RESULT#18] [WU#9] changed CPID: marking in-progress result myapp_216_1746253622.516581_1 as client error!
2025-05-03 06:44:25.7041 [PID=551  ] [CRITICAL]  [HOST#2] [RESULT#19] [WU#10] changed CPID: marking in-progress result myapp_217_1746253622.568108_0 as client error!
2025-05-03 06:44:25.7051 [PID=551  ] [CRITICAL]  [HOST#2] [RESULT#20] [WU#10] changed CPID: marking in-progress result myapp_217_1746253622.568108_1 as client error!
2025-05-03 06:44:25.7060 [PID=551  ] [CRITICAL]  [HOST#2] [RESULT#21] [WU#11] changed CPID: marking in-progress result myapp_218_1746253622.620492_0 as client error!
2025-05-03 06:44:25.7068 [PID=551  ] [CRITICAL]  [HOST#2] [RESULT#22] [WU#11] changed CPID: marking in-progress result myapp_218_1746253622.620492_1 as client error!
2025-05-03 06:44:25.7077 [PID=551  ] [CRITICAL]  [HOST#2] [RESULT#23] [WU#12] changed CPID: marking in-progress result myapp_219_1746253622.672746_0 as client error!
2025-05-03 06:44:25.7081 [PID=551  ] [CRITICAL]  [HOST#2] [RESULT#24] [WU#12] changed CPID: marking in-progress result myapp_219_1746253622.672746_1 as client error!
2025-05-03 06:44:25.7099 [PID=551  ] [CRITICAL]  [HOST#2] [RESULT#25] [WU#13] changed CPID: marking in-progress result myapp_220_1746253622.725363_0 as client error!
2025-05-03 06:44:25.7103 [PID=551  ] [CRITICAL]  [HOST#2] [RESULT#26] [WU#13] changed CPID: marking in-progress result myapp_220_1746253622.725363_1 as client error!
2025-05-03 06:44:25.7112 [PID=551  ] [CRITICAL]  [HOST#2] [RESULT#27] [WU#14] changed CPID: marking in-progress result myapp_221_1746253622.777375_0 as client error!
2025-05-03 06:44:25.7120 [PID=551  ] [CRITICAL]  [HOST#2] [RESULT#28] [WU#14] changed CPID: marking in-progress result myapp_221_1746253622.777375_1 as client error!
2025-05-03 06:44:25.7129 [PID=551  ] [CRITICAL]  [HOST#2] [RESULT#29] [WU#15] changed CPID: marking in-progress result myapp_222_1746253622.828803_0 as client error!
2025-05-03 06:44:25.7133 [PID=551  ] [CRITICAL]  [HOST#2] [RESULT#30] [WU#15] changed CPID: marking in-progress result myapp_222_1746253622.828803_1 as client error!
2025-05-03 06:44:25.7141 [PID=551  ] [CRITICAL]  [HOST#2] [RESULT#31] [WU#16] changed CPID: marking in-progress result myapp_223_1746253622.878822_0 as client error!
2025-05-03 06:44:25.7150 [PID=551  ] [CRITICAL]  [HOST#2] [RESULT#49] [WU#25] changed CPID: marking in-progress result myapp_232_1746253623.348187_0 as client error!
2025-05-03 06:44:25.7154 [PID=551  ] [CRITICAL]  [HOST#2] [RESULT#50] [WU#25] changed CPID: marking in-progress result myapp_232_1746253623.348187_1 as client error!
2025-05-03 06:44:25.7166 [PID=551  ] [CRITICAL]  [HOST#2] [RESULT#51] [WU#26] changed CPID: marking in-progress result myapp_233_1746253623.400812_0 as client error!
2025-05-03 06:44:25.7170 [PID=551  ] [CRITICAL]  [HOST#2] [RESULT#52] [WU#26] changed CPID: marking in-progress result myapp_233_1746253623.400812_1 as client error!
2025-05-03 06:44:25.7177 [PID=551  ] [CRITICAL]  [HOST#2] [RESULT#53] [WU#27] changed CPID: marking in-progress result myapp_234_1746253623.452328_0 as client error!
2025-05-03 06:44:25.7181 [PID=551  ] [CRITICAL]  [HOST#2] [RESULT#54] [WU#27] changed CPID: marking in-progress result myapp_234_1746253623.452328_1 as client error!
2025-05-03 06:44:25.7191 [PID=551  ] [CRITICAL]  [HOST#2] [RESULT#55] [WU#28] changed CPID: marking in-progress result myapp_235_1746253623.504462_0 as client error!
2025-05-03 06:44:25.7198 [PID=551  ] [CRITICAL]  [HOST#2] [RESULT#56] [WU#28] changed CPID: marking in-progress result myapp_235_1746253623.504462_1 as client error!
2025-05-03 06:44:25.7226 [PID=551  ] [CRITICAL]  [HOST#2] [RESULT#57] [WU#29] changed CPID: marking in-progress result myapp_236_1746253623.559163_0 as client error!
2025-05-03 06:44:25.7234 [PID=551  ] [CRITICAL]  [HOST#2] [RESULT#58] [WU#29] changed CPID: marking in-progress result myapp_236_1746253623.559163_1 as client error!
2025-05-03 06:44:25.7249 [PID=551  ] [CRITICAL]  [HOST#2] [RESULT#59] [WU#30] changed CPID: marking in-progress result myapp_237_1746253623.610896_0 as client error!
2025-05-03 06:44:25.7253 [PID=551  ] [CRITICAL]  [HOST#2] [RESULT#60] [WU#30] changed CPID: marking in-progress result myapp_237_1746253623.610896_1 as client error!
2025-05-03 06:44:25.7262 [PID=551  ] [CRITICAL]  [HOST#2] [RESULT#61] [WU#31] changed CPID: marking in-progress result myapp_238_1746253623.663584_0 as client error!
2025-05-03 06:44:25.7268 [PID=551  ] [CRITICAL]  [HOST#2] [RESULT#62] [WU#31] changed CPID: marking in-progress result myapp_238_1746253623.663584_1 as client error!
2025-05-03 06:44:25.7291 [PID=551  ] [CRITICAL]  [HOST#2] [RESULT#63] [WU#32] changed CPID: marking in-progress result myapp_239_1746253623.714877_0 as client error!
2025-05-03 06:44:25.7298 [PID=551  ] [CRITICAL]  [HOST#2] [RESULT#64] [WU#32] changed CPID: marking in-progress result myapp_239_1746253623.714877_1 as client error!
2025-05-03 06:44:25.7307 [PID=551  ] [CRITICAL]  [HOST#2] [RESULT#65] [WU#33] changed CPID: marking in-progress result myapp_240_1746253623.767754_0 as client error!
2025-05-03 06:44:25.7311 [PID=551  ] [CRITICAL]  [HOST#2] [RESULT#66] [WU#33] changed CPID: marking in-progress result myapp_240_1746253623.767754_1 as client error!
2025-05-03 06:44:25.7318 [PID=551  ] [CRITICAL]  [HOST#2] [RESULT#67] [WU#34] changed CPID: marking in-progress result myapp_241_1746253623.819428_0 as client error!
2025-05-03 06:44:25.7327 [PID=551  ] [CRITICAL]  [HOST#2] [RESULT#101] [WU#51] changed CPID: marking in-progress result myapp_258_1746253624.708420_0 as client error!
2025-05-03 06:44:25.7329 [PID=551  ]   Request: [USER#1] [HOST#2] [IP 172.18.0.1] client 7.16.17
2025-05-03 06:44:25.7445 [PID=551  ]    Sending reply to [HOST#2]: 1 results, delay req 7.00
2025-05-03 06:44:25.7449 [PID=551  ]    Scheduler ran 0.069 seconds
2025-05-03 06:44:37.8809 [PID=552  ]   Request: [USER#1] [HOST#2] [IP 172.18.0.1] client 7.16.17
2025-05-03 06:44:37.9242 [PID=552  ]    Sending reply to [HOST#2]: 19 results, delay req 7.00
2025-05-03 06:44:37.9247 [PID=552  ]    Scheduler ran 0.062 seconds
2025-05-03 06:44:50.0887 [PID=553  ]   Request: [USER#1] [HOST#2] [IP 172.18.0.1] client 7.16.17
2025-05-03 06:44:50.1348 [PID=553  ]    Sending reply to [HOST#2]: 19 results, delay req 7.00
2025-05-03 06:44:50.1353 [PID=553  ]    Scheduler ran 0.064 seconds
2025-05-03 06:45:37.3238 [PID=567  ]   [HOST#2] [USER#1] No host ID in request, but host with matching CPID found.
2025-05-03 06:45:37.3300 [PID=567  ] [CRITICAL]  [HOST#2] [RESULT#116] [WU#58] changed CPID: marking in-progress result myapp_476_1746254618.910382_1 as client error!
2025-05-03 06:45:37.3318 [PID=567  ] [CRITICAL]  [HOST#2] [RESULT#117] [WU#59] changed CPID: marking in-progress result myapp_477_1746254618.961633_0 as client error!
2025-05-03 06:45:37.3327 [PID=567  ] [CRITICAL]  [HOST#2] [RESULT#118] [WU#59] changed CPID: marking in-progress result myapp_477_1746254618.961633_1 as client error!
2025-05-03 06:45:37.3340 [PID=567  ] [CRITICAL]  [HOST#2] [RESULT#119] [WU#60] changed CPID: marking in-progress result myapp_478_1746254619.014288_0 as client error!
2025-05-03 06:45:37.3346 [PID=567  ] [CRITICAL]  [HOST#2] [RESULT#120] [WU#60] changed CPID: marking in-progress result myapp_478_1746254619.014288_1 as client error!
2025-05-03 06:45:37.3357 [PID=567  ] [CRITICAL]  [HOST#2] [RESULT#121] [WU#61] changed CPID: marking in-progress result myapp_479_1746254619.065601_0 as client error!
2025-05-03 06:45:37.3366 [PID=567  ] [CRITICAL]  [HOST#2] [RESULT#122] [WU#61] changed CPID: marking in-progress result myapp_479_1746254619.065601_1 as client error!
2025-05-03 06:45:37.3378 [PID=567  ] [CRITICAL]  [HOST#2] [RESULT#123] [WU#62] changed CPID: marking in-progress result myapp_480_1746254619.117280_0 as client error!
2025-05-03 06:45:37.3400 [PID=567  ] [CRITICAL]  [HOST#2] [RESULT#124] [WU#62] changed CPID: marking in-progress result myapp_480_1746254619.117280_1 as client error!
2025-05-03 06:45:37.3417 [PID=567  ] [CRITICAL]  [HOST#2] [RESULT#125] [WU#63] changed CPID: marking in-progress result myapp_481_1746254619.168789_0 as client error!
2025-05-03 06:45:37.3422 [PID=567  ] [CRITICAL]  [HOST#2] [RESULT#126] [WU#63] changed CPID: marking in-progress result myapp_481_1746254619.168789_1 as client error!
2025-05-03 06:45:37.3430 [PID=567  ] [CRITICAL]  [HOST#2] [RESULT#127] [WU#64] changed CPID: marking in-progress result myapp_482_1746254619.220532_0 as client error!
2025-05-03 06:45:37.3441 [PID=567  ] [CRITICAL]  [HOST#2] [RESULT#128] [WU#64] changed CPID: marking in-progress result myapp_482_1746254619.220532_1 as client error!
2025-05-03 06:45:37.3472 [PID=567  ] [CRITICAL]  [HOST#2] [RESULT#129] [WU#65] changed CPID: marking in-progress result myapp_483_1746254619.274405_0 as client error!
2025-05-03 06:45:37.3481 [PID=567  ] [CRITICAL]  [HOST#2] [RESULT#130] [WU#65] changed CPID: marking in-progress result myapp_483_1746254619.274405_1 as client error!
2025-05-03 06:45:37.3494 [PID=567  ] [CRITICAL]  [HOST#2] [RESULT#131] [WU#66] changed CPID: marking in-progress result myapp_484_1746254619.327064_0 as client error!
2025-05-03 06:45:37.3498 [PID=567  ] [CRITICAL]  [HOST#2] [RESULT#132] [WU#66] changed CPID: marking in-progress result myapp_484_1746254619.327064_1 as client error!
2025-05-03 06:45:37.3512 [PID=567  ] [CRITICAL]  [HOST#2] [RESULT#133] [WU#67] changed CPID: marking in-progress result myapp_485_1746254619.378727_0 as client error!
2025-05-03 06:45:37.3520 [PID=567  ] [CRITICAL]  [HOST#2] [RESULT#134] [WU#67] changed CPID: marking in-progress result myapp_485_1746254619.378727_1 as client error!
2025-05-03 06:45:37.3529 [PID=567  ] [CRITICAL]  [HOST#2] [RESULT#135] [WU#68] changed CPID: marking in-progress result myapp_486_1746254619.430948_0 as client error!
2025-05-03 06:45:37.3537 [PID=567  ] [CRITICAL]  [HOST#2] [RESULT#136] [WU#68] changed CPID: marking in-progress result myapp_486_1746254619.430948_1 as client error!
2025-05-03 06:45:37.3546 [PID=567  ] [CRITICAL]  [HOST#2] [RESULT#137] [WU#69] changed CPID: marking in-progress result myapp_487_1746254619.482326_0 as client error!
2025-05-03 06:45:37.3551 [PID=567  ] [CRITICAL]  [HOST#2] [RESULT#138] [WU#69] changed CPID: marking in-progress result myapp_487_1746254619.482326_1 as client error!
2025-05-03 06:45:37.3576 [PID=567  ] [CRITICAL]  [HOST#2] [RESULT#139] [WU#70] changed CPID: marking in-progress result myapp_488_1746254619.535069_0 as client error!
2025-05-03 06:45:37.3586 [PID=567  ] [CRITICAL]  [HOST#2] [RESULT#140] [WU#70] changed CPID: marking in-progress result myapp_488_1746254619.535069_1 as client error!
2025-05-03 06:45:37.3594 [PID=567  ] [CRITICAL]  [HOST#2] [RESULT#141] [WU#71] changed CPID: marking in-progress result myapp_489_1746254619.589265_0 as client error!
2025-05-03 06:45:37.3598 [PID=567  ] [CRITICAL]  [HOST#2] [RESULT#142] [WU#71] changed CPID: marking in-progress result myapp_489_1746254619.589265_1 as client error!
2025-05-03 06:45:37.3608 [PID=567  ] [CRITICAL]  [HOST#2] [RESULT#143] [WU#72] changed CPID: marking in-progress result myapp_490_1746254619.639987_0 as client error!
2025-05-03 06:45:37.3615 [PID=567  ] [CRITICAL]  [HOST#2] [RESULT#144] [WU#72] changed CPID: marking in-progress result myapp_490_1746254619.639987_1 as client error!
2025-05-03 06:45:37.3628 [PID=567  ] [CRITICAL]  [HOST#2] [RESULT#145] [WU#73] changed CPID: marking in-progress result myapp_491_1746254619.692757_0 as client error!
2025-05-03 06:45:37.3631 [PID=567  ] [CRITICAL]  [HOST#2] [RESULT#146] [WU#73] changed CPID: marking in-progress result myapp_491_1746254619.692757_1 as client error!
2025-05-03 06:45:37.3641 [PID=567  ] [CRITICAL]  [HOST#2] [RESULT#193] [WU#97] changed CPID: marking in-progress result myapp_515_1746254620.952025_0 as client error!
2025-05-03 06:45:37.3660 [PID=567  ] [CRITICAL]  [HOST#2] [RESULT#206] [WU#103] changed CPID: marking in-progress result myapp_521_1746254621.265379_1 as client error!
2025-05-03 06:45:37.3665 [PID=567  ] [CRITICAL]  [HOST#2] [RESULT#207] [WU#104] changed CPID: marking in-progress result myapp_522_1746254621.319410_0 as client error!
2025-05-03 06:45:37.3668 [PID=567  ] [CRITICAL]  [HOST#2] [RESULT#208] [WU#104] changed CPID: marking in-progress result myapp_522_1746254621.319410_1 as client error!
2025-05-03 06:45:37.3678 [PID=567  ] [CRITICAL]  [HOST#2] [RESULT#209] [WU#105] changed CPID: marking in-progress result myapp_523_1746254621.372159_0 as client error!
2025-05-03 06:45:37.3685 [PID=567  ] [CRITICAL]  [HOST#2] [RESULT#210] [WU#105] changed CPID: marking in-progress result myapp_523_1746254621.372159_1 as client error!
2025-05-03 06:45:37.3696 [PID=567  ] [CRITICAL]  [HOST#2] [RESULT#211] [WU#106] changed CPID: marking in-progress result myapp_524_1746254621.424096_0 as client error!
2025-05-03 06:45:37.3700 [PID=567  ] [CRITICAL]  [HOST#2] [RESULT#212] [WU#106] changed CPID: marking in-progress result myapp_524_1746254621.424096_1 as client error!
2025-05-03 06:45:37.3702 [PID=567  ]   Request: [USER#1] [HOST#2] [IP 172.18.0.1] client 7.16.17
2025-05-03 06:45:37.3812 [PID=567  ]    Sending reply to [HOST#2]: 1 results, delay req 7.00
2025-05-03 06:45:37.3815 [PID=567  ]    Scheduler ran 0.075 seconds
2025-05-03 06:45:49.4833 [PID=568  ]   Request: [USER#1] [HOST#2] [IP 172.18.0.1] client 7.16.17
2025-05-03 06:45:49.5291 [PID=568  ]    Sending reply to [HOST#2]: 19 results, delay req 7.00
2025-05-03 06:45:49.5296 [PID=568  ]    Scheduler ran 0.061 seconds
2025-05-03 06:46:01.6701 [PID=569  ]   Request: [USER#1] [HOST#2] [IP 172.18.0.1] client 7.16.17
2025-05-03 06:46:01.7122 [PID=569  ]    Sending reply to [HOST#2]: 19 results, delay req 7.00
2025-05-03 06:46:01.7126 [PID=569  ]    Scheduler ran 0.060 seconds
2025-05-03 06:49:14.8427 [PID=619  ]   [HOST#2] [USER#1] No host ID in request, but host with matching CPID found.
2025-05-03 06:49:14.8487 [PID=619  ] [CRITICAL]  [HOST#2] [RESULT#147] [WU#74] changed CPID: marking in-progress result myapp_492_1746254619.744377_0 as client error!
2025-05-03 06:49:14.8499 [PID=619  ] [CRITICAL]  [HOST#2] [RESULT#148] [WU#74] changed CPID: marking in-progress result myapp_492_1746254619.744377_1 as client error!
2025-05-03 06:49:14.8520 [PID=619  ] [CRITICAL]  [HOST#2] [RESULT#149] [WU#75] changed CPID: marking in-progress result myapp_493_1746254619.796988_0 as client error!
2025-05-03 06:49:14.8529 [PID=619  ] [CRITICAL]  [HOST#2] [RESULT#150] [WU#75] changed CPID: marking in-progress result myapp_493_1746254619.796988_1 as client error!
2025-05-03 06:49:14.8544 [PID=619  ] [CRITICAL]  [HOST#2] [RESULT#151] [WU#76] changed CPID: marking in-progress result myapp_494_1746254619.848231_0 as client error!
2025-05-03 06:49:14.8549 [PID=619  ] [CRITICAL]  [HOST#2] [RESULT#152] [WU#76] changed CPID: marking in-progress result myapp_494_1746254619.848231_1 as client error!
2025-05-03 06:49:14.8561 [PID=619  ] [CRITICAL]  [HOST#2] [RESULT#153] [WU#77] changed CPID: marking in-progress result myapp_495_1746254619.902310_0 as client error!
2025-05-03 06:49:14.8566 [PID=619  ] [CRITICAL]  [HOST#2] [RESULT#154] [WU#77] changed CPID: marking in-progress result myapp_495_1746254619.902310_1 as client error!
2025-05-03 06:49:14.8593 [PID=619  ] [CRITICAL]  [HOST#2] [RESULT#155] [WU#78] changed CPID: marking in-progress result myapp_496_1746254619.955134_0 as client error!
2025-05-03 06:49:14.8598 [PID=619  ] [CRITICAL]  [HOST#2] [RESULT#156] [WU#78] changed CPID: marking in-progress result myapp_496_1746254619.955134_1 as client error!
2025-05-03 06:49:14.8608 [PID=619  ] [CRITICAL]  [HOST#2] [RESULT#157] [WU#79] changed CPID: marking in-progress result myapp_497_1746254620.007344_0 as client error!
2025-05-03 06:49:14.8614 [PID=619  ] [CRITICAL]  [HOST#2] [RESULT#158] [WU#79] changed CPID: marking in-progress result myapp_497_1746254620.007344_1 as client error!
2025-05-03 06:49:14.8623 [PID=619  ] [CRITICAL]  [HOST#2] [RESULT#159] [WU#80] changed CPID: marking in-progress result myapp_498_1746254620.059181_0 as client error!
2025-05-03 06:49:14.8632 [PID=619  ] [CRITICAL]  [HOST#2] [RESULT#160] [WU#80] changed CPID: marking in-progress result myapp_498_1746254620.059181_1 as client error!
2025-05-03 06:49:14.8645 [PID=619  ] [CRITICAL]  [HOST#2] [RESULT#166] [WU#83] changed CPID: marking in-progress result myapp_501_1746254620.217730_1 as client error!
2025-05-03 06:49:14.8653 [PID=619  ] [CRITICAL]  [HOST#2] [RESULT#167] [WU#84] changed CPID: marking in-progress result myapp_502_1746254620.270227_0 as client error!
2025-05-03 06:49:14.8658 [PID=619  ] [CRITICAL]  [HOST#2] [RESULT#168] [WU#84] changed CPID: marking in-progress result myapp_502_1746254620.270227_1 as client error!
2025-05-03 06:49:14.8674 [PID=619  ] [CRITICAL]  [HOST#2] [RESULT#169] [WU#85] changed CPID: marking in-progress result myapp_503_1746254620.322084_0 as client error!
2025-05-03 06:49:14.8697 [PID=619  ] [CRITICAL]  [HOST#2] [RESULT#170] [WU#85] changed CPID: marking in-progress result myapp_503_1746254620.322084_1 as client error!
2025-05-03 06:49:14.8706 [PID=619  ] [CRITICAL]  [HOST#2] [RESULT#171] [WU#86] changed CPID: marking in-progress result myapp_504_1746254620.374610_0 as client error!
2025-05-03 06:49:14.8713 [PID=619  ] [CRITICAL]  [HOST#2] [RESULT#172] [WU#86] changed CPID: marking in-progress result myapp_504_1746254620.374610_1 as client error!
2025-05-03 06:49:14.8722 [PID=619  ] [CRITICAL]  [HOST#2] [RESULT#173] [WU#87] changed CPID: marking in-progress result myapp_505_1746254620.427623_0 as client error!
2025-05-03 06:49:14.8726 [PID=619  ] [CRITICAL]  [HOST#2] [RESULT#174] [WU#87] changed CPID: marking in-progress result myapp_505_1746254620.427623_1 as client error!
2025-05-03 06:49:14.8735 [PID=619  ] [CRITICAL]  [HOST#2] [RESULT#175] [WU#88] changed CPID: marking in-progress result myapp_506_1746254620.479406_0 as client error!
2025-05-03 06:49:14.8744 [PID=619  ] [CRITICAL]  [HOST#2] [RESULT#176] [WU#88] changed CPID: marking in-progress result myapp_506_1746254620.479406_1 as client error!
2025-05-03 06:49:14.8753 [PID=619  ] [CRITICAL]  [HOST#2] [RESULT#177] [WU#89] changed CPID: marking in-progress result myapp_507_1746254620.533761_0 as client error!
2025-05-03 06:49:14.8775 [PID=619  ] [CRITICAL]  [HOST#2] [RESULT#178] [WU#89] changed CPID: marking in-progress result myapp_507_1746254620.533761_1 as client error!
2025-05-03 06:49:14.8783 [PID=619  ] [CRITICAL]  [HOST#2] [RESULT#179] [WU#90] changed CPID: marking in-progress result myapp_508_1746254620.586186_0 as client error!
2025-05-03 06:49:14.8787 [PID=619  ] [CRITICAL]  [HOST#2] [RESULT#180] [WU#90] changed CPID: marking in-progress result myapp_508_1746254620.586186_1 as client error!
2025-05-03 06:49:14.8796 [PID=619  ] [CRITICAL]  [HOST#2] [RESULT#181] [WU#91] changed CPID: marking in-progress result myapp_509_1746254620.637586_0 as client error!
2025-05-03 06:49:14.8804 [PID=619  ] [CRITICAL]  [HOST#2] [RESULT#182] [WU#91] changed CPID: marking in-progress result myapp_509_1746254620.637586_1 as client error!
2025-05-03 06:49:14.8812 [PID=619  ] [CRITICAL]  [HOST#2] [RESULT#183] [WU#92] changed CPID: marking in-progress result myapp_510_1746254620.689699_0 as client error!
2025-05-03 06:49:14.8816 [PID=619  ] [CRITICAL]  [HOST#2] [RESULT#184] [WU#92] changed CPID: marking in-progress result myapp_510_1746254620.689699_1 as client error!
2025-05-03 06:49:14.8824 [PID=619  ] [CRITICAL]  [HOST#2] [RESULT#220] [WU#110] changed CPID: marking in-progress result myapp_528_1746254621.633633_1 as client error!
2025-05-03 06:49:14.8839 [PID=619  ] [CRITICAL]  [HOST#2] [RESULT#221] [WU#111] changed CPID: marking in-progress result myapp_529_1746254621.685326_0 as client error!
2025-05-03 06:49:14.8846 [PID=619  ] [CRITICAL]  [HOST#2] [RESULT#222] [WU#111] changed CPID: marking in-progress result myapp_529_1746254621.685326_1 as client error!
2025-05-03 06:49:14.8854 [PID=619  ] [CRITICAL]  [HOST#2] [RESULT#223] [WU#112] changed CPID: marking in-progress result myapp_530_1746254621.737248_0 as client error!
2025-05-03 06:49:14.8858 [PID=619  ] [CRITICAL]  [HOST#2] [RESULT#224] [WU#112] changed CPID: marking in-progress result myapp_530_1746254621.737248_1 as client error!
2025-05-03 06:49:14.8867 [PID=619  ] [CRITICAL]  [HOST#2] [RESULT#244] [WU#122] changed CPID: marking in-progress result myapp_540_1746254622.261949_1 as client error!
2025-05-03 06:49:14.8869 [PID=619  ]   Request: [USER#1] [HOST#2] [IP 172.18.0.1] client 7.16.17
2025-05-03 06:49:14.8991 [PID=619  ]    Sending reply to [HOST#2]: 1 results, delay req 7.00
2025-05-03 06:49:14.8995 [PID=619  ]    Scheduler ran 0.070 seconds
2025-05-03 06:49:26.9891 [PID=620  ]   Request: [USER#1] [HOST#2] [IP 172.18.0.1] client 7.16.17
2025-05-03 06:49:27.0396 [PID=620  ]    Sending reply to [HOST#2]: 19 results, delay req 7.00
2025-05-03 06:49:27.0401 [PID=620  ]    Scheduler ran 0.066 seconds
2025-05-03 06:49:39.1982 [PID=626  ]   Request: [USER#1] [HOST#2] [IP 172.18.0.1] client 7.16.17
2025-05-03 06:49:39.2476 [PID=626  ]    Sending reply to [HOST#2]: 19 results, delay req 7.00
2025-05-03 06:49:39.2481 [PID=626  ]    Scheduler ran 0.067 seconds
2025-05-03 06:54:21.2507 [PID=646  ]   Request: [USER#1] [HOST#3] [IP 172.18.0.1] client 8.0.2
2025-05-03 06:54:21.3079 [PID=646  ]    Sending reply to [HOST#3]: 20 results, delay req 7.00
2025-05-03 06:54:21.3083 [PID=646  ]    Scheduler ran 0.075 seconds
2025-05-03 07:15:14.3778 [PID=834  ]   Request: [USER#1] [HOST#3] [IP 172.18.0.1] client 8.0.2
2025-05-03 07:15:14.4362 [PID=834  ]    Sending reply to [HOST#3]: 13 results, delay req 7.00
2025-05-03 07:15:14.4367 [PID=834  ]    Scheduler ran 0.078 seconds
2025-05-03 07:25:36.3515 [PID=938  ]   [HOST#2] [USER#1] No host ID in request, but host with matching CPID found.
2025-05-03 07:25:36.3606 [PID=938  ] [CRITICAL]  [HOST#2] [RESULT#186] [WU#93] changed CPID: marking in-progress result myapp_511_1746254620.741204_1 as client error!
2025-05-03 07:25:36.3628 [PID=938  ] [CRITICAL]  [HOST#2] [RESULT#187] [WU#94] changed CPID: marking in-progress result myapp_512_1746254620.793544_0 as client error!
2025-05-03 07:25:36.3637 [PID=938  ] [CRITICAL]  [HOST#2] [RESULT#188] [WU#94] changed CPID: marking in-progress result myapp_512_1746254620.793544_1 as client error!
2025-05-03 07:25:36.3650 [PID=938  ] [CRITICAL]  [HOST#2] [RESULT#189] [WU#95] changed CPID: marking in-progress result myapp_513_1746254620.847565_0 as client error!
2025-05-03 07:25:36.3660 [PID=938  ] [CRITICAL]  [HOST#2] [RESULT#190] [WU#95] changed CPID: marking in-progress result myapp_513_1746254620.847565_1 as client error!
2025-05-03 07:25:36.3675 [PID=938  ] [CRITICAL]  [HOST#2] [RESULT#191] [WU#96] changed CPID: marking in-progress result myapp_514_1746254620.900338_0 as client error!
2025-05-03 07:25:36.3679 [PID=938  ] [CRITICAL]  [HOST#2] [RESULT#192] [WU#96] changed CPID: marking in-progress result myapp_514_1746254620.900338_1 as client error!
2025-05-03 07:25:36.3699 [PID=938  ] [CRITICAL]  [HOST#2] [RESULT#194] [WU#97] changed CPID: marking in-progress result myapp_515_1746254620.952025_1 as client error!
2025-05-03 07:25:36.3714 [PID=938  ] [CRITICAL]  [HOST#2] [RESULT#195] [WU#98] changed CPID: marking in-progress result myapp_516_1746254621.004442_0 as client error!
2025-05-03 07:25:36.3722 [PID=938  ] [CRITICAL]  [HOST#2] [RESULT#196] [WU#98] changed CPID: marking in-progress result myapp_516_1746254621.004442_1 as client error!
2025-05-03 07:25:36.3740 [PID=938  ] [CRITICAL]  [HOST#2] [RESULT#197] [WU#99] changed CPID: marking in-progress result myapp_517_1746254621.056638_0 as client error!
2025-05-03 07:25:36.3748 [PID=938  ] [CRITICAL]  [HOST#2] [RESULT#198] [WU#99] changed CPID: marking in-progress result myapp_517_1746254621.056638_1 as client error!
2025-05-03 07:25:36.3761 [PID=938  ] [CRITICAL]  [HOST#2] [RESULT#199] [WU#100] changed CPID: marking in-progress result myapp_518_1746254621.108475_0 as client error!
2025-05-03 07:25:36.3775 [PID=938  ] [CRITICAL]  [HOST#2] [RESULT#200] [WU#100] changed CPID: marking in-progress result myapp_518_1746254621.108475_1 as client error!
2025-05-03 07:25:36.3787 [PID=938  ] [CRITICAL]  [HOST#2] [RESULT#201] [WU#101] changed CPID: marking in-progress result myapp_519_1746254621.161330_0 as client error!
2025-05-03 07:25:36.3790 [PID=938  ] [CRITICAL]  [HOST#2] [RESULT#202] [WU#101] changed CPID: marking in-progress result myapp_519_1746254621.161330_1 as client error!
2025-05-03 07:25:36.3800 [PID=938  ] [CRITICAL]  [HOST#2] [RESULT#203] [WU#102] changed CPID: marking in-progress result myapp_520_1746254621.213358_0 as client error!
2025-05-03 07:25:36.3810 [PID=938  ] [CRITICAL]  [HOST#2] [RESULT#204] [WU#102] changed CPID: marking in-progress result myapp_520_1746254621.213358_1 as client error!
2025-05-03 07:25:36.3820 [PID=938  ] [CRITICAL]  [HOST#2] [RESULT#205] [WU#103] changed CPID: marking in-progress result myapp_521_1746254621.265379_0 as client error!
2025-05-03 07:25:36.3830 [PID=938  ] [CRITICAL]  [HOST#2] [RESULT#213] [WU#107] changed CPID: marking in-progress result myapp_525_1746254621.476517_0 as client error!
2025-05-03 07:25:36.3849 [PID=938  ] [CRITICAL]  [HOST#2] [RESULT#214] [WU#107] changed CPID: marking in-progress result myapp_525_1746254621.476517_1 as client error!
2025-05-03 07:25:36.3859 [PID=938  ] [CRITICAL]  [HOST#2] [RESULT#215] [WU#108] changed CPID: marking in-progress result myapp_526_1746254621.528895_0 as client error!
2025-05-03 07:25:36.3866 [PID=938  ] [CRITICAL]  [HOST#2] [RESULT#216] [WU#108] changed CPID: marking in-progress result myapp_526_1746254621.528895_1 as client error!
2025-05-03 07:25:36.3873 [PID=938  ] [CRITICAL]  [HOST#2] [RESULT#217] [WU#109] changed CPID: marking in-progress result myapp_527_1746254621.580119_0 as client error!
2025-05-03 07:25:36.3878 [PID=938  ] [CRITICAL]  [HOST#2] [RESULT#218] [WU#109] changed CPID: marking in-progress result myapp_527_1746254621.580119_1 as client error!
2025-05-03 07:25:36.3902 [PID=938  ] [CRITICAL]  [HOST#2] [RESULT#264] [WU#7] changed CPID: marking in-progress result myapp_214_1746253622.413602_3 as client error!
2025-05-03 07:25:36.3915 [PID=938  ] [CRITICAL]  [HOST#2] [RESULT#265] [WU#8] changed CPID: marking in-progress result myapp_215_1746253622.462687_2 as client error!
2025-05-03 07:25:36.3919 [PID=938  ] [CRITICAL]  [HOST#2] [RESULT#266] [WU#8] changed CPID: marking in-progress result myapp_215_1746253622.462687_3 as client error!
2025-05-03 07:25:36.3927 [PID=938  ] [CRITICAL]  [HOST#2] [RESULT#267] [WU#9] changed CPID: marking in-progress result myapp_216_1746253622.516581_2 as client error!
2025-05-03 07:25:36.3931 [PID=938  ] [CRITICAL]  [HOST#2] [RESULT#268] [WU#9] changed CPID: marking in-progress result myapp_216_1746253622.516581_3 as client error!
2025-05-03 07:25:36.3945 [PID=938  ] [CRITICAL]  [HOST#2] [RESULT#269] [WU#10] changed CPID: marking in-progress result myapp_217_1746253622.568108_2 as client error!
2025-05-03 07:25:36.3948 [PID=938  ] [CRITICAL]  [HOST#2] [RESULT#270] [WU#10] changed CPID: marking in-progress result myapp_217_1746253622.568108_3 as client error!
2025-05-03 07:25:36.3958 [PID=938  ] [CRITICAL]  [HOST#2] [RESULT#271] [WU#11] changed CPID: marking in-progress result myapp_218_1746253622.620492_2 as client error!
2025-05-03 07:25:36.3962 [PID=938  ] [CRITICAL]  [HOST#2] [RESULT#272] [WU#11] changed CPID: marking in-progress result myapp_218_1746253622.620492_3 as client error!
2025-05-03 07:25:36.3969 [PID=938  ] [CRITICAL]  [HOST#2] [RESULT#273] [WU#12] changed CPID: marking in-progress result myapp_219_1746253622.672746_2 as client error!
2025-05-03 07:25:36.3989 [PID=938  ] [CRITICAL]  [HOST#2] [RESULT#274] [WU#12] changed CPID: marking in-progress result myapp_219_1746253622.672746_3 as client error!
2025-05-03 07:25:36.3998 [PID=938  ] [CRITICAL]  [HOST#2] [RESULT#275] [WU#13] changed CPID: marking in-progress result myapp_220_1746253622.725363_2 as client error!
2025-05-03 07:25:36.4001 [PID=938  ] [CRITICAL]  [HOST#2] [RESULT#276] [WU#13] changed CPID: marking in-progress result myapp_220_1746253622.725363_3 as client error!
2025-05-03 07:25:36.4010 [PID=938  ] [CRITICAL]  [HOST#2] [RESULT#277] [WU#14] changed CPID: marking in-progress result myapp_221_1746253622.777375_2 as client error!
2025-05-03 07:25:36.4012 [PID=938  ]   Request: [USER#1] [HOST#2] [IP 172.18.0.1] client 7.16.17
2025-05-03 07:25:36.4133 [PID=938  ]    Sending reply to [HOST#2]: 1 results, delay req 7.00
2025-05-03 07:25:36.4137 [PID=938  ]    Scheduler ran 0.078 seconds
2025-05-03 07:25:48.5140 [PID=939  ]   Request: [USER#1] [HOST#2] [IP 172.18.0.1] client 7.16.17
2025-05-03 07:25:48.5575 [PID=939  ]    Sending reply to [HOST#2]: 19 results, delay req 7.00
2025-05-03 07:25:48.5580 [PID=939  ]    Scheduler ran 0.062 seconds
2025-05-03 07:26:05.7257 [PID=951  ]   Request: [USER#1] [HOST#2] [IP 172.18.0.1] client 7.16.17
2025-05-03 07:26:05.7489 [PID=951  ]    [RESULT#344] expected to be unsent; instead, state is 4
2025-05-03 07:26:05.7650 [PID=951  ]    [RESULT#345] expected to be unsent; instead, state is 4
2025-05-03 07:26:05.7772 [PID=951  ]    Sending reply to [HOST#2]: 19 results, delay req 7.00
2025-05-03 07:26:05.7777 [PID=951  ]    Scheduler ran 0.066 seconds
2025-05-03 07:26:28.0814 [PID=973  ]   Request: [USER#1] [HOST#2] [IP 172.18.0.1] client 7.16.17
2025-05-03 07:26:28.1397 [PID=973  ]    Sending reply to [HOST#2]: 19 results, delay req 7.00
2025-05-03 07:26:28.1402 [PID=973  ]    Scheduler ran 0.076 seconds
2025-05-03 07:26:45.3601 [PID=990  ]   Request: [USER#1] [HOST#2] [IP 172.18.0.1] client 7.16.17
2025-05-03 07:26:45.3872 [PID=990  ]    [RESULT#332] expected to be unsent; instead, state is 5
2025-05-03 07:26:45.3874 [PID=990  ]    [RESULT#352] expected to be unsent; instead, state is 4
2025-05-03 07:26:45.3876 [PID=990  ]    [RESULT#351] expected to be unsent; instead, state is 4
2025-05-03 07:26:45.3877 [PID=990  ]    [RESULT#350] expected to be unsent; instead, state is 4
2025-05-03 07:26:45.3879 [PID=990  ]    [RESULT#349] expected to be unsent; instead, state is 4
2025-05-03 07:26:45.3880 [PID=990  ]    [RESULT#348] expected to be unsent; instead, state is 4
2025-05-03 07:26:45.3881 [PID=990  ]    [RESULT#347] expected to be unsent; instead, state is 4
2025-05-03 07:26:45.3882 [PID=990  ]    [RESULT#346] expected to be unsent; instead, state is 4
2025-05-03 07:26:45.3944 [PID=990  ]    [RESULT#333] expected to be unsent; instead, state is 5
2025-05-03 07:26:45.3947 [PID=990  ]    [RESULT#353] expected to be unsent; instead, state is 4
2025-05-03 07:26:45.3949 [PID=990  ]    [RESULT#331] expected to be unsent; instead, state is 5
2025-05-03 07:26:45.3951 [PID=990  ]    [RESULT#330] expected to be unsent; instead, state is 5
2025-05-03 07:26:45.3952 [PID=990  ]    [RESULT#329] expected to be unsent; instead, state is 5
2025-05-03 07:26:45.3954 [PID=990  ]    [RESULT#328] expected to be unsent; instead, state is 5
2025-05-03 07:26:45.3955 [PID=990  ]    [RESULT#327] expected to be unsent; instead, state is 5
2025-05-03 07:26:45.3957 [PID=990  ]    [RESULT#326] expected to be unsent; instead, state is 5
2025-05-03 07:26:45.3958 [PID=990  ]    [RESULT#325] expected to be unsent; instead, state is 5
2025-05-03 07:26:45.3959 [PID=990  ]    [RESULT#324] expected to be unsent; instead, state is 5
2025-05-03 07:26:45.3961 [PID=990  ]    [RESULT#323] expected to be unsent; instead, state is 5
2025-05-03 07:26:45.4218 [PID=990  ]    Sending reply to [HOST#2]: 19 results, delay req 7.00
2025-05-03 07:26:45.4222 [PID=990  ]    Scheduler ran 0.078 seconds
2025-05-03 07:27:07.6683 [PID=1013 ]   Request: [USER#1] [HOST#2] [IP 172.18.0.1] client 7.16.17
2025-05-03 07:27:07.7313 [PID=1013 ]    Sending reply to [HOST#2]: 19 results, delay req 7.00
2025-05-03 07:27:07.7318 [PID=1013 ]    Scheduler ran 0.080 seconds
2025-05-03 07:27:23.9379 [PID=1034 ]   Request: [USER#1] [HOST#2] [IP 172.18.0.1] client 7.16.17
2025-05-03 07:27:23.9954 [PID=1034 ]    Sending reply to [HOST#2]: 19 results, delay req 7.00
2025-05-03 07:27:23.9959 [PID=1034 ]    Scheduler ran 0.073 seconds
2025-05-03 07:27:46.2323 [PID=1056 ]   Request: [USER#1] [HOST#2] [IP 172.18.0.1] client 7.16.17
2025-05-03 07:27:46.2702 [PID=1056 ]    [RESULT#338] expected to be unsent; instead, state is 5
2025-05-03 07:27:46.2705 [PID=1056 ]    [RESULT#337] expected to be unsent; instead, state is 5
2025-05-03 07:27:46.2706 [PID=1056 ]    [RESULT#336] expected to be unsent; instead, state is 5
2025-05-03 07:27:46.2708 [PID=1056 ]    [RESULT#335] expected to be unsent; instead, state is 5
2025-05-03 07:27:46.2709 [PID=1056 ]    [RESULT#334] expected to be unsent; instead, state is 5
2025-05-03 07:27:46.2803 [PID=1056 ]    [RESULT#339] expected to be unsent; instead, state is 5
2025-05-03 07:27:46.3001 [PID=1056 ]    Sending reply to [HOST#2]: 19 results, delay req 7.00
2025-05-03 07:27:46.3005 [PID=1056 ]    Scheduler ran 0.085 seconds
2025-05-03 07:28:02.4786 [PID=1073 ]   Request: [USER#1] [HOST#2] [IP 172.18.0.1] client 7.16.17
2025-05-03 07:28:02.5029 [PID=1073 ]    [RESULT#385] expected to be unsent; instead, state is 5
2025-05-03 07:28:02.5132 [PID=1073 ]    [RESULT#387] expected to be unsent; instead, state is 5
2025-05-03 07:28:02.5135 [PID=1073 ]    [RESULT#386] expected to be unsent; instead, state is 5
2025-05-03 07:28:02.5149 [PID=1073 ]    [RESULT#384] expected to be unsent; instead, state is 5
2025-05-03 07:28:02.5151 [PID=1073 ]    [RESULT#383] expected to be unsent; instead, state is 5
2025-05-03 07:28:02.5152 [PID=1073 ]    [RESULT#382] expected to be unsent; instead, state is 5
2025-05-03 07:28:02.5154 [PID=1073 ]    [RESULT#381] expected to be unsent; instead, state is 5
2025-05-03 07:28:02.5156 [PID=1073 ]    [RESULT#380] expected to be unsent; instead, state is 5
2025-05-03 07:28:02.5157 [PID=1073 ]    [RESULT#379] expected to be unsent; instead, state is 5
2025-05-03 07:28:02.5353 [PID=1073 ]    Sending reply to [HOST#2]: 19 results, delay req 7.00
2025-05-03 07:28:02.5357 [PID=1073 ]    Scheduler ran 0.072 seconds
2025-05-03 07:28:24.7585 [PID=1094 ]   Request: [USER#1] [HOST#2] [IP 172.18.0.1] client 7.16.17
2025-05-03 07:28:24.7865 [PID=1094 ]    [RESULT#372] expected to be unsent; instead, state is 5
2025-05-03 07:28:24.7902 [PID=1094 ]    [RESULT#340] expected to be unsent; instead, state is 5
2025-05-03 07:28:24.7904 [PID=1094 ]    [RESULT#341] expected to be unsent; instead, state is 5
2025-05-03 07:28:24.7905 [PID=1094 ]    [RESULT#342] expected to be unsent; instead, state is 5
2025-05-03 07:28:24.7906 [PID=1094 ]    [RESULT#343] expected to be unsent; instead, state is 5
2025-05-03 07:28:24.7907 [PID=1094 ]    [RESULT#364] expected to be unsent; instead, state is 5
2025-05-03 07:28:24.7908 [PID=1094 ]    [RESULT#365] expected to be unsent; instead, state is 5
2025-05-03 07:28:24.7909 [PID=1094 ]    [RESULT#366] expected to be unsent; instead, state is 5
2025-05-03 07:28:24.7911 [PID=1094 ]    [RESULT#367] expected to be unsent; instead, state is 5
2025-05-03 07:28:24.7912 [PID=1094 ]    [RESULT#368] expected to be unsent; instead, state is 5
2025-05-03 07:28:24.7913 [PID=1094 ]    [RESULT#369] expected to be unsent; instead, state is 5
2025-05-03 07:28:24.7914 [PID=1094 ]    [RESULT#370] expected to be unsent; instead, state is 5
2025-05-03 07:28:24.7915 [PID=1094 ]    [RESULT#371] expected to be unsent; instead, state is 5
2025-05-03 07:28:24.7929 [PID=1094 ]    [RESULT#373] expected to be unsent; instead, state is 5
2025-05-03 07:28:24.7931 [PID=1094 ]    [RESULT#374] expected to be unsent; instead, state is 5
2025-05-03 07:28:24.7933 [PID=1094 ]    [RESULT#375] expected to be unsent; instead, state is 5
2025-05-03 07:28:24.7934 [PID=1094 ]    [RESULT#376] expected to be unsent; instead, state is 5
2025-05-03 07:28:24.7936 [PID=1094 ]    [RESULT#377] expected to be unsent; instead, state is 5
2025-05-03 07:28:24.7938 [PID=1094 ]    [RESULT#378] expected to be unsent; instead, state is 5
2025-05-03 07:28:24.7939 [PID=1094 ]    [RESULT#354] expected to be unsent; instead, state is 4
2025-05-03 07:28:24.7941 [PID=1094 ]    [RESULT#355] expected to be unsent; instead, state is 4
2025-05-03 07:28:24.7942 [PID=1094 ]    [RESULT#356] expected to be unsent; instead, state is 4
2025-05-03 07:28:24.8168 [PID=1094 ]    Sending reply to [HOST#2]: 19 results, delay req 7.00
2025-05-03 07:28:24.8173 [PID=1094 ]    Scheduler ran 0.075 seconds
2025-05-03 07:28:47.0774 [PID=1116 ]   Request: [USER#1] [HOST#2] [IP 172.18.0.1] client 7.16.17
2025-05-03 07:28:47.1327 [PID=1116 ]    Sending reply to [HOST#2]: 17 results, delay req 7.00
2025-05-03 07:28:47.1332 [PID=1116 ]    Scheduler ran 0.073 seconds
2025-05-03 07:29:03.3313 [PID=1135 ]   Request: [USER#1] [HOST#2] [IP 172.18.0.1] client 7.16.17
2025-05-03 07:29:03.3548 [PID=1135 ]    Sending reply to [HOST#2]: 0 results, delay req 7.00
2025-05-03 07:29:03.3552 [PID=1135 ]    Scheduler ran 0.038 seconds
2025-05-03 07:29:15.4407 [PID=1144 ]   Request: [USER#1] [HOST#2] [IP 172.18.0.1] client 7.16.17
2025-05-03 07:29:15.4599 [PID=1144 ]    Sending reply to [HOST#2]: 0 results, delay req 7.00
2025-05-03 07:29:15.4602 [PID=1144 ]    Scheduler ran 0.036 seconds
2025-05-03 07:44:31.9419 [PID=1289 ]   Request: [USER#1] [HOST#2] [IP 172.18.0.1] client 7.16.17
2025-05-03 07:44:31.9586 [PID=1289 ]    Sending reply to [HOST#2]: 2 results, delay req 7.00
2025-05-03 07:44:31.9591 [PID=1289 ]    Scheduler ran 0.034 seconds
2025-05-03 07:44:44.0532 [PID=1290 ]   Request: [USER#1] [HOST#2] [IP 172.18.0.1] client 7.16.17
2025-05-03 07:44:44.0631 [PID=1290 ]    Sending reply to [HOST#2]: 0 results, delay req 7.00
2025-05-03 07:44:44.0635 [PID=1290 ]    Scheduler ran 0.029 seconds
2025-05-03 07:51:30.7731 [PID=1330 ]   [HOST#2] [USER#1] No host ID in request, but host with matching CPID found.
2025-05-03 07:51:30.7786 [PID=1330 ] [CRITICAL]  [HOST#2] [RESULT#444] [WU#133] changed CPID: marking in-progress result myapp_1287_1746258204.299646_0 as client error!
2025-05-03 07:51:30.7798 [PID=1330 ] [CRITICAL]  [HOST#2] [RESULT#445] [WU#133] changed CPID: marking in-progress result myapp_1287_1746258204.299646_1 as client error!
2025-05-03 07:51:30.7801 [PID=1330 ]   Request: [USER#1] [HOST#2] [IP 172.18.0.1] client 7.16.17
2025-05-03 07:51:30.7912 [PID=1330 ]    Sending reply to [HOST#2]: 1 results, delay req 7.00
2025-05-03 07:51:30.7917 [PID=1330 ]    Scheduler ran 0.036 seconds
2025-05-03 07:51:42.9240 [PID=1331 ]   Request: [USER#1] [HOST#2] [IP 172.18.0.1] client 7.16.17
2025-05-03 07:51:42.9405 [PID=1331 ]    Sending reply to [HOST#2]: 2 results, delay req 7.00
2025-05-03 07:51:42.9410 [PID=1331 ]    Scheduler ran 0.035 seconds
2025-05-03 07:51:55.0263 [PID=1335 ]   Request: [USER#1] [HOST#2] [IP 172.18.0.1] client 7.16.17
2025-05-03 07:51:55.0400 [PID=1335 ]    Sending reply to [HOST#2]: 0 results, delay req 7.00
2025-05-03 07:51:55.0404 [PID=1335 ]    Scheduler ran 0.032 seconds
2025-05-03 08:00:09.4892 [PID=1415 ]   Request: [USER#1] [HOST#2] [IP 172.18.0.1] client 7.16.17
2025-05-03 08:00:09.5071 [PID=1415 ]    Sending reply to [HOST#2]: 2 results, delay req 7.00
2025-05-03 08:00:09.5075 [PID=1415 ]    Scheduler ran 0.036 seconds
2025-05-03 08:00:21.5868 [PID=1416 ]   Request: [USER#1] [HOST#2] [IP 172.18.0.1] client 7.16.17
2025-05-03 08:00:21.5951 [PID=1416 ]    Sending reply to [HOST#2]: 0 results, delay req 7.00
2025-05-03 08:00:21.5954 [PID=1416 ]    Scheduler ran 0.026 seconds
2025-05-03 08:04:29.9150 [PID=1425 ]   [HOST#2] [USER#1] No host ID in request, but host with matching CPID found.
2025-05-03 08:04:29.9223 [PID=1425 ] [CRITICAL]  [HOST#2] [RESULT#449] [WU#135] changed CPID: marking in-progress result myapp_1399_1746259172.672461_0 as client error!
2025-05-03 08:04:29.9238 [PID=1425 ] [CRITICAL]  [HOST#2] [RESULT#450] [WU#136] changed CPID: marking in-progress result myapp_1400_1746259176.586106_0 as client error!
2025-05-03 08:04:29.9241 [PID=1425 ]   Request: [USER#1] [HOST#2] [IP 172.18.0.1] client 7.16.17
2025-05-03 08:04:29.9354 [PID=1425 ]    Sending reply to [HOST#2]: 1 results, delay req 7.00
2025-05-03 08:04:29.9359 [PID=1425 ]    Scheduler ran 0.039 seconds
2025-05-03 08:04:42.0880 [PID=1426 ]   Request: [USER#1] [HOST#2] [IP 172.18.0.1] client 7.16.17
2025-05-03 08:04:42.1057 [PID=1426 ]    Sending reply to [HOST#2]: 2 results, delay req 7.00
2025-05-03 08:04:42.1062 [PID=1426 ]    Scheduler ran 0.036 seconds
2025-05-03 08:04:54.1945 [PID=1428 ]   Request: [USER#1] [HOST#2] [IP 172.18.0.1] client 7.16.17
2025-05-03 08:04:54.2105 [PID=1428 ]    Sending reply to [HOST#2]: 0 results, delay req 7.00
2025-05-03 08:04:54.2109 [PID=1428 ]    Scheduler ran 0.034 seconds
2025-05-03 08:09:27.4560 [PID=1477 ]   [HOST#2] [USER#1] No host ID in request, but host with matching CPID found.
2025-05-03 08:09:27.4589 [PID=1477 ]   Request: [USER#1] [HOST#2] [IP 172.18.0.1] client 7.16.17
2025-05-03 08:09:27.4724 [PID=1477 ]    Sending reply to [HOST#2]: 1 results, delay req 2.00
2025-05-03 08:09:27.4728 [PID=1477 ]    Scheduler ran 0.034 seconds
2025-05-03 08:09:33.5523 [PID=1478 ]   Request: [USER#1] [HOST#2] [IP 172.18.0.1] client 7.16.17
2025-05-03 08:09:33.5666 [PID=1478 ]    Sending reply to [HOST#2]: 1 results, delay req 2.00
2025-05-03 08:09:33.5670 [PID=1478 ]    Scheduler ran 0.032 seconds
2025-05-03 08:09:40.6329 [PID=1479 ]   Request: [USER#1] [HOST#2] [IP 172.18.0.1] client 7.16.17
2025-05-03 08:09:40.6419 [PID=1479 ]    Sending reply to [HOST#2]: 0 results, delay req 2.00
2025-05-03 08:09:40.6422 [PID=1479 ]    Scheduler ran 0.027 seconds
2025-05-03 08:12:03.3767 [PID=1502 ]   Request: [USER#1] [HOST#2] [IP 172.18.0.1] client 7.16.17
2025-05-03 08:12:03.3929 [PID=1502 ]    Sending reply to [HOST#2]: 1 results, delay req 2.00
2025-05-03 08:12:03.3933 [PID=1502 ]    Scheduler ran 0.034 seconds
2025-05-03 08:12:10.4393 [PID=1504 ]   Request: [USER#1] [HOST#2] [IP 172.18.0.1] client 7.16.17
2025-05-03 08:12:10.4483 [PID=1504 ]    Sending reply to [HOST#2]: 0 results, delay req 2.00
2025-05-03 08:12:10.4486 [PID=1504 ]    Scheduler ran 0.027 seconds
shmget in attach_shmem: No such file or directory
2025-05-03 08:13:18.2451 [PID=50   ] [CRITICAL] Can't attach shmem: -144 (feeder not running?)
2025-05-03 08:13:18.2478 [PID=50   ] [CRITICAL] uid 33 euid 33 gid 33 eguid33
shmget in attach_shmem: No such file or directory
2025-05-03 08:13:26.1134 [PID=52   ] [CRITICAL] Can't attach shmem: -144 (feeder not running?)
2025-05-03 08:13:26.1164 [PID=52   ] [CRITICAL] uid 33 euid 33 gid 33 eguid33
shmget in attach_shmem: No such file or directory
2025-05-03 08:14:24.8703 [PID=66   ] [CRITICAL] Can't attach shmem: -144 (feeder not running?)
2025-05-03 08:14:24.8733 [PID=66   ] [CRITICAL] uid 33 euid 33 gid 33 eguid33
2025-05-03 08:17:02.9157 [PID=111  ]   [HOST#2] [USER#1] No host ID in request, but host with matching CPID found.
2025-05-03 08:17:02.9210 [PID=111  ] [CRITICAL]  [HOST#2] [RESULT#456] [WU#140] changed CPID: marking in-progress result myapp_1494_1746259806.104101_0 as client error!
2025-05-03 08:17:02.9213 [PID=111  ]   Request: [USER#1] [HOST#2] [IP 172.18.0.1] client 7.16.17
2025-05-03 08:17:02.9329 [PID=111  ]    Sending reply to [HOST#2]: 1 results, delay req 2.00
2025-05-03 08:17:02.9335 [PID=111  ]    Scheduler ran 0.032 seconds
2025-05-03 08:17:08.9969 [PID=114  ]   Request: [USER#1] [HOST#2] [IP 172.18.0.1] client 7.16.17
2025-05-03 08:17:09.0128 [PID=114  ]    Sending reply to [HOST#2]: 1 results, delay req 2.00
2025-05-03 08:17:09.0134 [PID=114  ]    Scheduler ran 0.034 seconds
2025-05-03 08:17:16.0546 [PID=115  ]   Request: [USER#1] [HOST#2] [IP 172.18.0.1] client 7.16.17
2025-05-03 08:17:16.0715 [PID=115  ]    Sending reply to [HOST#2]: 1 results, delay req 2.00
2025-05-03 08:17:16.0721 [PID=115  ]    Scheduler ran 0.031 seconds
2025-05-03 08:17:23.1471 [PID=117  ]   Request: [USER#1] [HOST#2] [IP 172.18.0.1] client 7.16.17
2025-05-03 08:17:23.1566 [PID=117  ]    Sending reply to [HOST#2]: 0 results, delay req 2.00
2025-05-03 08:17:23.1570 [PID=117  ]    Scheduler ran 0.027 seconds
2025-05-03 08:18:25.3947 [PID=123  ]   [HOST#2] [USER#1] No host ID in request, but host with matching CPID found.
2025-05-03 08:18:25.3996 [PID=123  ] [CRITICAL]  [HOST#2] [RESULT#457] [WU#141] changed CPID: marking in-progress result myapp_65_1746260042.662160_0 as client error!
2025-05-03 08:18:25.4018 [PID=123  ] [CRITICAL]  [HOST#2] [RESULT#458] [WU#142] changed CPID: marking in-progress result myapp_95_1746260173.477656_0 as client error!
2025-05-03 08:18:25.4028 [PID=123  ] [CRITICAL]  [HOST#2] [RESULT#459] [WU#140] changed CPID: marking in-progress result myapp_1494_1746259806.104101_1 as client error!
2025-05-03 08:18:25.4030 [PID=123  ]   Request: [USER#1] [HOST#2] [IP 172.18.0.1] client 7.16.17
2025-05-03 08:18:25.4136 [PID=123  ]    Sending reply to [HOST#2]: 1 results, delay req 2.00
2025-05-03 08:18:25.4142 [PID=123  ]    Scheduler ran 0.036 seconds
2025-05-03 08:18:31.4652 [PID=124  ]   Request: [USER#1] [HOST#2] [IP 172.18.0.1] client 7.16.17
2025-05-03 08:18:31.4863 [PID=124  ]    Sending reply to [HOST#2]: 4 results, delay req 2.00
2025-05-03 08:18:31.4869 [PID=124  ]    Scheduler ran 0.039 seconds
2025-05-03 08:18:38.5488 [PID=125  ]   Request: [USER#1] [HOST#2] [IP 172.18.0.1] client 7.16.17
2025-05-03 08:18:38.5673 [PID=125  ]    Sending reply to [HOST#2]: 3 results, delay req 2.00
2025-05-03 08:18:38.5679 [PID=125  ]    Scheduler ran 0.036 seconds
2025-05-03 08:18:45.6194 [PID=127  ]   Request: [USER#1] [HOST#2] [IP 172.18.0.1] client 7.16.17
2025-05-03 08:18:45.6356 [PID=127  ]    Sending reply to [HOST#2]: 0 results, delay req 2.00
2025-05-03 08:18:45.6359 [PID=127  ]    Scheduler ran 0.031 seconds
2025-05-03 08:18:52.6902 [PID=129  ]   Request: [USER#1] [HOST#2] [IP 172.18.0.1] client 7.16.17
2025-05-03 08:18:52.7049 [PID=129  ]    Sending reply to [HOST#2]: 0 results, delay req 2.00
2025-05-03 08:18:52.7052 [PID=129  ]    Scheduler ran 0.033 seconds
2025-05-03 08:24:00.9983 [PID=296  ]   [HOST#2] [USER#1] No host ID in request, but host with matching CPID found.
2025-05-03 08:24:01.0011 [PID=296  ]   Request: [USER#1] [HOST#2] [IP 172.18.0.1] client 7.16.17
2025-05-03 08:24:01.0139 [PID=296  ]    Sending reply to [HOST#2]: 1 results, delay req 2.00
2025-05-03 08:24:01.0145 [PID=296  ]    Scheduler ran 0.034 seconds
2025-05-03 08:24:07.0897 [PID=297  ]   Request: [USER#1] [HOST#2] [IP 172.18.0.1] client 7.16.17
2025-05-03 08:24:07.1328 [PID=297  ]    Sending reply to [HOST#2]: 19 results, delay req 2.00
2025-05-03 08:24:07.1334 [PID=297  ]    Scheduler ran 0.062 seconds
2025-05-03 08:24:19.2693 [PID=299  ]   Request: [USER#1] [HOST#2] [IP 172.18.0.1] client 7.16.17
2025-05-03 08:24:19.3068 [PID=299  ]    Sending reply to [HOST#2]: 10 results, delay req 2.00
2025-05-03 08:24:19.3074 [PID=299  ]    Scheduler ran 0.055 seconds
2025-05-03 08:24:26.3803 [PID=300  ]   Request: [USER#1] [HOST#2] [IP 172.18.0.1] client 7.16.17
2025-05-03 08:24:26.3897 [PID=300  ]    Sending reply to [HOST#2]: 0 results, delay req 2.00
2025-05-03 08:24:26.3902 [PID=300  ]    Scheduler ran 0.026 seconds
2025-05-03 08:27:34.7967 [PID=363  ]   [HOST#2] [USER#1] No host ID in request, but host with matching CPID found.
2025-05-03 08:27:34.8036 [PID=363  ] [CRITICAL]  [HOST#2] [RESULT#468] [WU#148] changed CPID: marking in-progress result myapp_130_1746260340.419149_0 as client error!
2025-05-03 08:27:34.8050 [PID=363  ] [CRITICAL]  [HOST#2] [RESULT#469] [WU#149] changed CPID: marking in-progress result myapp_131_1746260343.799679_0 as client error!
2025-05-03 08:27:34.8063 [PID=363  ] [CRITICAL]  [HOST#2] [RESULT#470] [WU#150] changed CPID: marking in-progress result myapp_132_1746260344.029660_0 as client error!
2025-05-03 08:27:34.8074 [PID=363  ] [CRITICAL]  [HOST#2] [RESULT#471] [WU#151] changed CPID: marking in-progress result myapp_133_1746260344.219485_0 as client error!
2025-05-03 08:27:34.8089 [PID=363  ] [CRITICAL]  [HOST#2] [RESULT#472] [WU#152] changed CPID: marking in-progress result myapp_134_1746260344.452727_0 as client error!
2025-05-03 08:27:34.8111 [PID=363  ] [CRITICAL]  [HOST#2] [RESULT#473] [WU#153] changed CPID: marking in-progress result myapp_135_1746260344.710530_0 as client error!
2025-05-03 08:27:34.8121 [PID=363  ] [CRITICAL]  [HOST#2] [RESULT#474] [WU#154] changed CPID: marking in-progress result myapp_136_1746260344.928227_0 as client error!
2025-05-03 08:27:34.8134 [PID=363  ] [CRITICAL]  [HOST#2] [RESULT#475] [WU#155] changed CPID: marking in-progress result myapp_137_1746260345.147927_0 as client error!
2025-05-03 08:27:34.8142 [PID=363  ] [CRITICAL]  [HOST#2] [RESULT#476] [WU#156] changed CPID: marking in-progress result myapp_138_1746260345.383508_0 as client error!
2025-05-03 08:27:34.8151 [PID=363  ] [CRITICAL]  [HOST#2] [RESULT#477] [WU#157] changed CPID: marking in-progress result myapp_139_1746260345.626666_0 as client error!
2025-05-03 08:27:34.8159 [PID=363  ] [CRITICAL]  [HOST#2] [RESULT#478] [WU#158] changed CPID: marking in-progress result myapp_140_1746260345.850711_0 as client error!
2025-05-03 08:27:34.8167 [PID=363  ] [CRITICAL]  [HOST#2] [RESULT#479] [WU#159] changed CPID: marking in-progress result myapp_141_1746260346.076086_0 as client error!
2025-05-03 08:27:34.8172 [PID=363  ] [CRITICAL]  [HOST#2] [RESULT#480] [WU#160] changed CPID: marking in-progress result myapp_142_1746260346.300193_0 as client error!
2025-05-03 08:27:34.8188 [PID=363  ] [CRITICAL]  [HOST#2] [RESULT#481] [WU#161] changed CPID: marking in-progress result myapp_143_1746260346.523293_0 as client error!
2025-05-03 08:27:34.8196 [PID=363  ] [CRITICAL]  [HOST#2] [RESULT#482] [WU#162] changed CPID: marking in-progress result myapp_144_1746260346.737676_0 as client error!
2025-05-03 08:27:34.8207 [PID=363  ] [CRITICAL]  [HOST#2] [RESULT#483] [WU#163] changed CPID: marking in-progress result myapp_145_1746260346.957860_0 as client error!
2025-05-03 08:27:34.8212 [PID=363  ] [CRITICAL]  [HOST#2] [RESULT#484] [WU#164] changed CPID: marking in-progress result myapp_146_1746260347.204019_0 as client error!
2025-05-03 08:27:34.8221 [PID=363  ] [CRITICAL]  [HOST#2] [RESULT#485] [WU#165] changed CPID: marking in-progress result myapp_166_1746260444.541329_0 as client error!
2025-05-03 08:27:34.8229 [PID=363  ] [CRITICAL]  [HOST#2] [RESULT#486] [WU#166] changed CPID: marking in-progress result myapp_167_1746260445.628863_0 as client error!
2025-05-03 08:27:34.8234 [PID=363  ] [CRITICAL]  [HOST#2] [RESULT#487] [WU#167] changed CPID: marking in-progress result myapp_168_1746260445.835592_0 as client error!
2025-05-03 08:27:34.8251 [PID=363  ] [CRITICAL]  [HOST#2] [RESULT#488] [WU#168] changed CPID: marking in-progress result myapp_169_1746260446.096096_0 as client error!
2025-05-03 08:27:34.8265 [PID=363  ] [CRITICAL]  [HOST#2] [RESULT#489] [WU#169] changed CPID: marking in-progress result myapp_170_1746260446.342139_0 as client error!
2025-05-03 08:27:34.8273 [PID=363  ] [CRITICAL]  [HOST#2] [RESULT#490] [WU#170] changed CPID: marking in-progress result myapp_171_1746260446.561362_0 as client error!
2025-05-03 08:27:34.8280 [PID=363  ] [CRITICAL]  [HOST#2] [RESULT#491] [WU#171] changed CPID: marking in-progress result myapp_172_1746260446.786146_0 as client error!
2025-05-03 08:27:34.8294 [PID=363  ] [CRITICAL]  [HOST#2] [RESULT#492] [WU#172] changed CPID: marking in-progress result myapp_173_1746260447.030409_0 as client error!
2025-05-03 08:27:34.8303 [PID=363  ] [CRITICAL]  [HOST#2] [RESULT#493] [WU#173] changed CPID: marking in-progress result myapp_174_1746260447.238686_0 as client error!
2025-05-03 08:27:34.8311 [PID=363  ] [CRITICAL]  [HOST#2] [RESULT#494] [WU#174] changed CPID: marking in-progress result myapp_175_1746260447.475252_0 as client error!
2025-05-03 08:27:34.8320 [PID=363  ] [CRITICAL]  [HOST#2] [RESULT#495] [WU#175] changed CPID: marking in-progress result myapp_176_1746260447.666717_0 as client error!
2025-05-03 08:27:34.8327 [PID=363  ] [CRITICAL]  [HOST#2] [RESULT#496] [WU#176] changed CPID: marking in-progress result myapp_177_1746260447.882519_0 as client error!
2025-05-03 08:27:34.8344 [PID=363  ] [CRITICAL]  [HOST#2] [RESULT#497] [WU#177] changed CPID: marking in-progress result myapp_178_1746260448.311021_0 as client error!
2025-05-03 08:27:34.8346 [PID=363  ]   Request: [USER#1] [HOST#2] [IP 172.18.0.1] client 7.16.17
2025-05-03 08:27:34.8391 [PID=363  ]    Sending reply to [HOST#2]: 0 results, delay req 2.00
2025-05-03 08:27:34.8396 [PID=363  ]    Scheduler ran 0.060 seconds
2025-05-03 08:27:41.8439 [PID=364  ]   Request: [USER#1] [HOST#2] [IP 172.18.0.1] client 7.16.17
2025-05-03 08:27:41.8547 [PID=364  ]    Sending reply to [HOST#2]: 0 results, delay req 2.00
2025-05-03 08:27:41.8553 [PID=364  ]    Scheduler ran 0.030 seconds
2025-05-03 08:30:38.1417 [PID=408  ]   Request: [USER#1] [HOST#3] [IP 172.18.0.1] client 8.0.2
2025-05-03 08:30:38.2713 [PID=408  ]    Sending reply to [HOST#3]: 47 results, delay req 2.00
2025-05-03 08:30:38.2719 [PID=408  ]    Scheduler ran 0.147 seconds
2025-05-03 08:30:45.1271 [PID=409  ]   Request: [USER#1] [HOST#3] [IP 172.18.0.1] client 8.0.2
2025-05-03 08:30:45.1375 [PID=409  ]    Sending reply to [HOST#3]: 0 results, delay req 2.00
2025-05-03 08:30:45.1380 [PID=409  ]    Scheduler ran 0.031 seconds
2025-05-03 08:32:45.1928 [PID=412  ]   [HOST#2] [USER#1] No host ID in request, but host with matching CPID found.
2025-05-03 08:32:45.1957 [PID=412  ]   Request: [USER#1] [HOST#2] [IP 172.18.0.1] client 7.16.17
2025-05-03 08:32:45.2026 [PID=412  ]    Sending reply to [HOST#2]: 0 results, delay req 2.00
2025-05-03 08:32:45.2032 [PID=412  ]    Scheduler ran 0.029 seconds
2025-05-03 08:32:52.2410 [PID=413  ]   Request: [USER#1] [HOST#2] [IP 172.18.0.1] client 7.16.17
2025-05-03 08:32:52.2529 [PID=413  ]    Sending reply to [HOST#2]: 0 results, delay req 2.00
2025-05-03 08:32:52.2533 [PID=413  ]    Scheduler ran 0.026 seconds
2025-05-03 08:35:38.3997 [PID=428  ]   [HOST#2] [USER#1] No host ID in request, but host with matching CPID found.
2025-05-03 08:35:38.4024 [PID=428  ]   Request: [USER#1] [HOST#2] [IP 172.18.0.1] client 7.16.17
2025-05-03 08:35:38.4087 [PID=428  ]    Sending reply to [HOST#2]: 0 results, delay req 2.00
2025-05-03 08:35:38.4092 [PID=428  ]    Scheduler ran 0.026 seconds
2025-05-03 08:35:45.4748 [PID=429  ]   Request: [USER#1] [HOST#2] [IP 172.18.0.1] client 7.16.17
2025-05-03 08:35:45.4852 [PID=429  ]    Sending reply to [HOST#2]: 0 results, delay req 2.00
2025-05-03 08:35:45.4857 [PID=429  ]    Scheduler ran 0.029 seconds
2025-05-03 08:36:20.6384 [PID=432  ]   [HOST#2] [USER#1] No host ID in request, but host with matching CPID found.
2025-05-03 08:36:20.6411 [PID=432  ]   Request: [USER#1] [HOST#2] [IP 172.18.0.1] client 7.16.17
2025-05-03 08:36:20.6477 [PID=432  ]    Sending reply to [HOST#2]: 0 results, delay req 2.00
2025-05-03 08:36:20.6482 [PID=432  ]    Scheduler ran 0.027 seconds
2025-05-03 08:36:27.7181 [PID=433  ]   Request: [USER#1] [HOST#2] [IP 172.18.0.1] client 7.16.17
2025-05-03 08:36:27.7268 [PID=433  ]    Sending reply to [HOST#2]: 0 results, delay req 2.00
2025-05-03 08:36:27.7273 [PID=433  ]    Scheduler ran 0.027 seconds
2025-05-03 08:37:39.6999 [PID=441  ]   [HOST#1] [USER#1] No host ID in request, but host with matching CPID found.
2025-05-03 08:37:39.7022 [PID=441  ]   Request: [USER#1] [HOST#1] [IP 172.18.0.1] client 7.16.17
2025-05-03 08:37:39.7083 [PID=441  ]    Sending reply to [HOST#1]: 0 results, delay req 2.00
2025-05-03 08:37:39.7088 [PID=441  ]    Scheduler ran 0.022 seconds
2025-05-03 08:37:46.7443 [PID=443  ]   Request: [USER#1] [HOST#1] [IP 172.18.0.1] client 7.16.17
2025-05-03 08:37:46.7552 [PID=443  ]    Sending reply to [HOST#1]: 0 results, delay req 2.00
2025-05-03 08:37:46.7557 [PID=443  ]    Scheduler ran 0.031 seconds
2025-05-03 08:38:14.0754 [PID=444  ]   [HOST#2] [USER#1] No host ID in request, but host with matching CPID found.
2025-05-03 08:38:14.0781 [PID=444  ]   Request: [USER#1] [HOST#2] [IP 172.18.0.1] client 7.16.17
2025-05-03 08:38:14.0837 [PID=444  ]    Sending reply to [HOST#2]: 0 results, delay req 2.00
2025-05-03 08:38:14.0841 [PID=444  ]    Scheduler ran 0.027 seconds
2025-05-03 08:38:21.1285 [PID=445  ]   Request: [USER#1] [HOST#2] [IP 172.18.0.1] client 7.16.17
2025-05-03 08:38:21.1400 [PID=445  ]    Sending reply to [HOST#2]: 0 results, delay req 2.00
2025-05-03 08:38:21.1406 [PID=445  ]    Scheduler ran 0.030 seconds
2025-05-03 08:39:00.3385 [PID=467  ]   [HOST#2] [USER#1] No host ID in request, but host with matching CPID found.
2025-05-03 08:39:00.3411 [PID=467  ]   Request: [USER#1] [HOST#2] [IP 172.18.0.1] client 7.16.17
2025-05-03 08:39:00.3475 [PID=467  ]    Sending reply to [HOST#2]: 0 results, delay req 2.00
2025-05-03 08:39:00.3480 [PID=467  ]    Scheduler ran 0.026 seconds
2025-05-03 08:39:07.3796 [PID=468  ]   Request: [USER#1] [HOST#2] [IP 172.18.0.1] client 7.16.17
2025-05-03 08:39:07.3910 [PID=468  ]    Sending reply to [HOST#2]: 0 results, delay req 2.00
2025-05-03 08:39:07.3915 [PID=468  ]    Scheduler ran 0.031 seconds
